TN:
SF:/home/jongmunyang/libxml2_3015a_addDict/libxml2-2.9.4/parserInternals.c
FN:77,xmlCheckVersion
FNDA:1,xmlCheckVersion
FN:113,xmlErrMemory
FNDA:0,xmlErrMemory
FN:145,__xmlErrEncoding
FNDA:6685,__xmlErrEncoding
FN:173,xmlErrInternal
FNDA:8,xmlErrInternal
FN:201,xmlErrEncodingInt
FNDA:2213,xmlErrEncodingInt
FN:229,xmlIsLetter
FNDA:0,xmlIsLetter
FN:284,xmlParserInputRead
FNDA:0,xmlParserInputRead
FN:300,xmlParserInputGrow
FNDA:921505,xmlParserInputGrow
FN:358,xmlParserInputShrink
FNDA:2325,xmlParserInputShrink
FN:423,xmlNextChar
FNDA:653986,xmlNextChar
FN:597,xmlCurrentChar
FNDA:6237120,xmlCurrentChar
FN:757,xmlStringCurrentChar
FNDA:2680150,xmlStringCurrentChar
FN:866,xmlCopyCharMultiByte
FNDA:33213,xmlCopyCharMultiByte
FN:909,xmlCopyChar
FNDA:444,xmlCopyChar
FN:942,xmlSwitchEncoding
FNDA:943,xmlSwitchEncoding
FN:1131,xmlSwitchInputEncodingInt
FNDA:188,xmlSwitchInputEncodingInt
FN:1262,xmlSwitchInputEncoding
FNDA:0,xmlSwitchInputEncoding
FN:1281,xmlSwitchToEncodingInt
FNDA:188,xmlSwitchToEncodingInt
FN:1313,xmlSwitchToEncoding
FNDA:0,xmlSwitchToEncoding
FN:1331,xmlFreeInputStream
FNDA:12375,xmlFreeInputStream
FN:1354,xmlNewInputStream
FNDA:12375,xmlNewInputStream
FN:1390,xmlNewIOInputStream
FNDA:0,xmlNewIOInputStream
FN:1422,xmlNewEntityInputStream
FNDA:0,xmlNewEntityInputStream
FN:1485,xmlNewStringInputStream
FNDA:0,xmlNewStringInputStream
FN:1518,xmlNewInputFromFile
FNDA:1457,xmlNewInputFromFile
FN:1581,xmlInitParserCtxt
FNDA:12094,xmlInitParserCtxt
FN:1767,xmlFreeParserCtxt
FNDA:12094,xmlFreeParserCtxt
FN:1853,xmlNewParserCtxt
FNDA:12094,xmlNewParserCtxt
FN:1884,xmlClearParserCtxt
FNDA:0,xmlClearParserCtxt
FN:1903,xmlParserFindNodeInfo
FNDA:0,xmlParserFindNodeInfo
FN:1926,xmlInitNodeInfoSeq
FNDA:12094,xmlInitNodeInfoSeq
FN:1943,xmlClearNodeInfoSeq
FNDA:0,xmlClearNodeInfoSeq
FN:1964,xmlParserFindNodeInfoIndex
FNDA:0,xmlParserFindNodeInfoIndex
FN:2003,xmlParserAddNodeInfo
FNDA:0,xmlParserAddNodeInfo
FN:2076,xmlPedanticParserDefault
FNDA:0,xmlPedanticParserDefault
FN:2094,xmlLineNumbersDefault
FNDA:1,xmlLineNumbersDefault
FN:2116,xmlSubstituteEntitiesDefault
FNDA:0,xmlSubstituteEntitiesDefault
FN:2148,xmlKeepBlanksDefault
FNDA:0,xmlKeepBlanksDefault
DA:77,1
DA:78,1
DA:80,1
DA:82,1
DA:83,0
DA:86,0
DA:90,1
DA:91,0
DA:95,1
DA:113,0
DA:115,0
DA:116,0
DA:117,0
DA:118,0
DA:119,0
DA:120,0
DA:121,0
DA:123,0
DA:124,0
DA:129,0
DA:145,6685
DA:148,6685
DA:149,4318
DA:150,0
DA:151,6685
DA:152,6685
DA:153,6685
DA:157,6685
DA:158,6685
DA:159,6685
DA:160,6685
DA:173,8
DA:175,8
DA:176,0
DA:177,0
DA:178,8
DA:179,8
DA:180,8
DA:184,8
DA:185,8
DA:186,8
DA:187,8
DA:201,2213
DA:204,2213
DA:205,1952
DA:206,0
DA:207,2213
DA:208,2213
DA:209,2213
DA:212,2213
DA:213,2213
DA:214,2213
DA:215,2213
DA:229,0
DA:230,0
DA:284,0
DA:285,0
DA:300,921505
DA:305,921505
DA:309,921505
DA:310,921505
DA:311,921505
DA:312,921505
DA:316,921505
DA:317,921505
DA:321,136
DA:323,921369
DA:324,921369
DA:326,0
DA:335,921369
DA:336,921369
DA:340,117
DA:341,117
DA:342,117
DA:344,921369
DA:348,921369
DA:358,2325
DA:367,2325
DA:368,2325
DA:369,2325
DA:370,2325
DA:371,2325
DA:375,2325
DA:380,2325
DA:381,2325
DA:382,2325
DA:383,2325
DA:384,2325
DA:386,2325
DA:391,2325
DA:392,1195
DA:394,1130
DA:395,1130
DA:396,1130
DA:400,0
DA:401,0
DA:402,0
DA:404,1130
DA:423,653986
DA:425,653986
DA:426,653986
DA:427,0
DA:429,653986
DA:430,0
DA:431,0
DA:432,0
DA:433,0
DA:436,654185
DA:437,199
DA:438,199
DA:439,199
DA:440,199
DA:443,653787
DA:453,351070
DA:454,17406
DA:456,333664
DA:469,351070
DA:471,351070
DA:472,351070
DA:473,52
DA:474,1
DA:475,51
DA:476,3
DA:477,3
DA:479,51
DA:480,39
DA:481,12
DA:484,11
DA:485,2
DA:486,2
DA:488,11
DA:489,3
DA:490,8
DA:491,6
DA:492,2
DA:493,2
DA:495,6
DA:496,4
DA:497,3
DA:499,3
DA:500,3
DA:501,3
DA:502,3
DA:503,3
DA:506,2
DA:507,2
DA:508,2
DA:509,2
DA:511,5
DA:512,4
DA:514,3
DA:520,1
DA:523,351018
DA:525,351024
DA:526,351024
DA:527,254
DA:535,302717
DA:536,365
DA:538,302352
DA:539,302717
DA:540,302717
DA:541,302717
DA:542,159
DA:544,653741
DA:545,16565
DA:546,654154
DA:547,413
DA:548,413
DA:549,653741
DA:550,46
DA:558,46
DA:559,46
DA:560,9
DA:566,37
DA:567,37
DA:568,37
DA:569,37
DA:573,46
DA:574,46
DA:575,46
DA:597,6237120
DA:598,6237120
DA:599,6237120
DA:600,0
DA:602,6237120
DA:603,4693920
DA:604,4693920
DA:606,1543200
DA:618,62163
DA:622,62163
DA:623,62163
DA:624,39884
DA:625,2243
DA:626,37641
DA:627,93
DA:628,93
DA:630,37641
DA:631,4683
DA:632,32958
DA:633,30423
DA:634,12
DA:635,12
DA:637,30423
DA:638,89
DA:639,30334
DA:640,1348
DA:641,36
DA:642,36
DA:644,1348
DA:645,1316
DA:646,52
DA:648,1296
DA:649,1296
DA:650,1296
DA:651,1296
DA:652,1296
DA:653,1296
DA:654,1
DA:657,28986
DA:658,28986
DA:659,28986
DA:660,28986
DA:661,28986
DA:662,10
DA:666,2535
DA:667,2535
DA:668,2535
DA:669,2535
DA:670,11
DA:672,32795
DA:673,1614
DA:676,32795
DA:679,22279
DA:680,22279
DA:681,1621
DA:682,22279
DA:683,1621
DA:684,596
DA:687,22279
DA:688,6748
DA:689,264
DA:690,264
DA:692,6748
DA:694,15531
DA:702,1481030
DA:703,1481030
DA:704,34809
DA:705,3330
DA:706,3330
DA:708,34809
DA:710,1446220
DA:711,7089
DA:717,7089
DA:718,452
DA:719,452
DA:732,6637
DA:733,6637
DA:734,6637
DA:735,6637
DA:739,6637
DA:740,6637
DA:741,6637
DA:757,2680150
DA:759,2680150
DA:760,2680150
DA:775,91800
DA:776,91800
DA:777,733
DA:778,0
DA:779,733
DA:781,221
DA:782,0
DA:783,221
DA:784,174
DA:785,0
DA:787,174
DA:788,174
DA:789,174
DA:790,174
DA:791,174
DA:794,47
DA:795,47
DA:796,47
DA:797,47
DA:801,512
DA:802,512
DA:803,512
DA:805,733
DA:806,0
DA:809,733
DA:812,91067
DA:813,91067
DA:821,2588350
DA:822,2588350
DA:823,0
DA:830,0
DA:831,0
DA:832,0
DA:833,0
DA:845,0
DA:846,0
DA:847,0
DA:848,0
DA:852,0
DA:853,0
DA:866,33213
DA:867,33213
DA:877,33213
DA:878,31279
DA:880,31279
DA:881,28778
DA:882,1256
DA:884,0
DA:887,0
DA:889,92592
DA:890,61313
DA:891,31279
DA:893,1934
DA:894,1934
DA:909,444
DA:910,444
DA:912,444
DA:913,248
DA:915,196
DA:916,196
DA:942,943
DA:945,943
DA:948,943
DA:949,943
DA:950,0
DA:951,0
DA:953,0
DA:954,0
DA:956,0
DA:957,0
DA:958,753
DA:960,753
DA:967,753
DA:968,753
DA:969,1
DA:970,1
DA:971,1
DA:973,753
DA:974,169
DA:984,169
DA:985,169
DA:986,0
DA:987,0
DA:988,0
DA:990,169
DA:991,169
DA:992,0
DA:993,0
DA:994,0
DA:995,20
DA:999,20
DA:1000,20
DA:1001,1
DA:1015,1
DA:1016,1
DA:1018,190
DA:1019,190
DA:1023,2
DA:1024,0
DA:1026,0
DA:1027,0
DA:1028,0
DA:1029,0
DA:1030,0
DA:1031,0
DA:1032,0
DA:1033,0
DA:1036,0
DA:1037,0
DA:1038,0
DA:1041,0
DA:1042,0
DA:1043,0
DA:1046,0
DA:1047,1
DA:1048,1
DA:1051,1
DA:1052,1
DA:1053,1
DA:1056,1
DA:1057,0
DA:1058,0
DA:1061,0
DA:1062,0
DA:1077,0
DA:1078,0
DA:1079,0
DA:1080,0
DA:1081,0
DA:1083,0
DA:1084,0
DA:1085,0
DA:1086,0
DA:1089,0
DA:1090,0
DA:1091,0
DA:1094,0
DA:1095,0
DA:1096,0
DA:1099,0
DA:1100,0
DA:1101,0
DA:1103,188
DA:1104,190
DA:1105,2
DA:1106,188
DA:1107,188
DA:1108,188
DA:1112,8
DA:1113,8
DA:1115,188
DA:1131,188
DA:1136,188
DA:1137,0
DA:1138,188
DA:1139,0
DA:1140,188
DA:1141,188
DA:1146,0
DA:1147,0
DA:1164,0
DA:1165,0
DA:1166,0
DA:1168,188
DA:1173,188
DA:1181,188
DA:1182,188
DA:1183,118
DA:1184,70
DA:1185,48
DA:1187,188
DA:1188,188
DA:1189,99
DA:1190,92
DA:1197,188
DA:1198,188
DA:1199,0
DA:1200,0
DA:1201,0
DA:1208,188
DA:1209,188
DA:1210,188
DA:1211,188
DA:1212,188
DA:1213,188
DA:1215,188
DA:1219,0
DA:1227,188
DA:1229,188
DA:1230,8
DA:1233,8
DA:1235,180
DA:1236,180
DA:1238,180
DA:1239,0
DA:1244,0
DA:1245,0
DA:1247,0
DA:1262,0
DA:1264,0
DA:1281,188
DA:1283,188
DA:1285,188
DA:1286,188
DA:1287,188
DA:1289,0
DA:1291,0
DA:1296,188
DA:1298,0
DA:1299,188
DA:1313,0
DA:1315,0
DA:1331,12375
DA:1332,12375
DA:1334,12375
DA:1335,12375
DA:1336,12375
DA:1337,12375
DA:1338,12375
DA:1339,0
DA:1340,12375
DA:1341,12375
DA:1342,12375
DA:1354,12375
DA:1357,12375
DA:1358,12375
DA:1359,0
DA:1360,0
DA:1362,12375
DA:1363,12375
DA:1364,12375
DA:1365,12375
DA:1372,12375
DA:1373,12375
DA:1375,12375
DA:1390,0
DA:1394,0
DA:1395,0
DA:1396,0
DA:1397,0
DA:1398,0
DA:1399,0
DA:1401,0
DA:1402,0
DA:1403,0
DA:1405,0
DA:1406,0
DA:1409,0
DA:1422,0
DA:1425,0
DA:1426,0
DA:1428,0
DA:1430,0
DA:1431,0
DA:1433,0
DA:1434,0
DA:1435,0
DA:1436,0
DA:1438,0
DA:1439,0
DA:1441,0
DA:1442,0
DA:1443,0
DA:1444,0
DA:1447,0
DA:1448,0
DA:1449,0
DA:1452,0
DA:1453,0
DA:1454,0
DA:1457,0
DA:1459,0
DA:1461,0
DA:1462,0
DA:1463,0
DA:1465,0
DA:1466,0
DA:1467,0
DA:1468,0
DA:1469,0
DA:1470,0
DA:1471,0
DA:1472,0
DA:1473,0
DA:1485,0
DA:1488,0
DA:1489,0
DA:1491,0
DA:1493,0
DA:1494,0
DA:1496,0
DA:1497,0
DA:1498,0
DA:1499,0
DA:1501,0
DA:1502,0
DA:1503,0
DA:1504,0
DA:1505,0
DA:1518,1457
DA:1521,1457
DA:1522,1457
DA:1524,1457
DA:1525,0
DA:1527,1457
DA:1528,1457
DA:1529,1457
DA:1530,1176
DA:1531,0
DA:1535,1176
DA:1537,1176
DA:1540,281
DA:1541,281
DA:1542,0
DA:1544,281
DA:1545,281
DA:1546,281
DA:1547,0
DA:1549,281
DA:1550,281
DA:1552,0
DA:1553,281
DA:1554,281
DA:1555,281
DA:1556,281
DA:1557,281
DA:1559,281
DA:1560,281
DA:1561,281
DA:1562,281
DA:1581,12094
DA:1585,12094
DA:1586,0
DA:1587,0
DA:1590,12094
DA:1592,12094
DA:1593,12094
DA:1594,12094
DA:1595,0
DA:1596,0
DA:1598,12094
DA:1600,12094
DA:1601,12094
DA:1602,12094
DA:1603,0
DA:1604,0
DA:1607,12094
DA:1609,12094
DA:1610,12094
DA:1612,12094
DA:1613,12094
DA:1614,12094
DA:1615,12094
DA:1617,12094
DA:1618,0
DA:1619,0
DA:1620,0
DA:1621,0
DA:1622,0
DA:1624,12094
DA:1625,0
DA:1627,12094
DA:1628,12094
DA:1630,12094
DA:1631,12094
DA:1632,12094
DA:1633,12094
DA:1634,12094
DA:1635,12094
DA:1636,12094
DA:1637,12094
DA:1638,12094
DA:1639,12094
DA:1642,12094
DA:1643,12094
DA:1644,12094
DA:1646,12094
DA:1647,0
DA:1648,0
DA:1649,0
DA:1650,0
DA:1651,0
DA:1652,0
DA:1653,0
DA:1654,0
DA:1656,12094
DA:1657,12094
DA:1660,12094
DA:1661,12094
DA:1662,12094
DA:1664,12094
DA:1665,0
DA:1666,0
DA:1667,0
DA:1668,0
DA:1669,0
DA:1670,0
DA:1671,0
DA:1672,0
DA:1673,0
DA:1674,0
DA:1675,0
DA:1677,12094
DA:1678,12094
DA:1681,12094
DA:1682,12094
DA:1683,12094
DA:1685,12094
DA:1686,0
DA:1687,0
DA:1688,0
DA:1689,0
DA:1690,0
DA:1691,0
DA:1692,0
DA:1693,0
DA:1694,0
DA:1695,0
DA:1696,0
DA:1697,0
DA:1698,0
DA:1699,0
DA:1701,12094
DA:1702,12094
DA:1703,12094
DA:1704,12094
DA:1705,12094
DA:1706,12094
DA:1707,12094
DA:1708,12094
DA:1709,12094
DA:1710,12094
DA:1711,12094
DA:1712,12094
DA:1714,12094
DA:1715,12094
DA:1716,12094
DA:1717,0
DA:1719,12094
DA:1720,12094
DA:1721,12094
DA:1722,0
DA:1723,0
DA:1726,12094
DA:1727,12094
DA:1728,12094
DA:1729,12094
DA:1730,12094
DA:1731,12094
DA:1732,0
DA:1734,12094
DA:1735,12094
DA:1736,12094
DA:1738,12094
DA:1739,12094
DA:1740,0
DA:1742,12094
DA:1743,12094
DA:1744,12094
DA:1745,12094
DA:1746,12094
DA:1747,12094
DA:1748,12094
DA:1749,12094
DA:1750,12094
DA:1751,12094
DA:1752,12094
DA:1753,12094
DA:1754,12094
DA:1755,12094
DA:1767,12094
DA:1771,12094
DA:1773,24188
DA:1774,12094
DA:1776,12094
DA:1777,12094
DA:1778,12094
DA:1779,12094
DA:1780,12094
DA:1781,12094
DA:1782,12094
DA:1783,12094
DA:1784,12094
DA:1786,24188
DA:1787,12094
DA:1791,12094
DA:1792,12094
DA:1793,12094
DA:1794,12094
DA:1795,12094
DA:1796,12094
DA:1797,12094
DA:1798,12094
DA:1799,12094
DA:1800,1206
DA:1801,12094
DA:1802,1294
DA:1803,12094
DA:1806,0
DA:1807,0
DA:1808,0
DA:1809,0
DA:1810,0
DA:1813,12094
DA:1816,0
DA:1817,0
DA:1818,0
DA:1819,0
DA:1820,0
DA:1826,12094
DA:1827,12093
DA:1828,12094
DA:1829,12093
DA:1830,12094
DA:1831,7133
DA:1832,12094
DA:1833,37
DA:1834,12094
DA:1835,1
DA:1838,12094
DA:1839,0
DA:1841,12094
DA:1853,12094
DA:1857,12094
DA:1858,12094
DA:1859,0
DA:1860,0
DA:1862,12094
DA:1863,12094
DA:1864,0
DA:1865,0
DA:1867,12094
DA:1884,0
DA:1886,0
DA:1887,0
DA:1888,0
DA:1889,0
DA:1903,0
DA:1907,0
DA:1908,0
DA:1910,0
DA:1911,0
DA:1912,0
DA:1913,0
DA:1915,0
DA:1926,12094
DA:1928,12094
DA:1929,0
DA:1930,12094
DA:1931,12094
DA:1932,12094
DA:1943,0
DA:1945,0
DA:1946,0
DA:1947,0
DA:1948,0
DA:1949,0
DA:1964,0
DA:1968,0
DA:1970,0
DA:1971,0
DA:1974,0
DA:1975,0
DA:1976,0
DA:1977,0
DA:1978,0
DA:1979,0
DA:1980,0
DA:1981,0
DA:1982,0
DA:1984,0
DA:1988,0
DA:1989,0
DA:1991,0
DA:2003,0
DA:2008,0
DA:2011,0
DA:2012,0
DA:2014,0
DA:2015,0
DA:2016,0
DA:2017,0
DA:2022,0
DA:2023,0
DA:2027,0
DA:2028,0
DA:2029,0
DA:2030,0
DA:2032,0
DA:2033,0
DA:2036,0
DA:2039,0
DA:2040,0
DA:2041,0
DA:2043,0
DA:2044,0
DA:2048,0
DA:2051,0
DA:2052,0
DA:2056,0
DA:2057,0
DA:2076,0
DA:2077,0
DA:2079,0
DA:2080,0
DA:2094,1
DA:2095,1
DA:2097,1
DA:2098,1
DA:2116,0
DA:2117,0
DA:2119,0
DA:2120,0
DA:2148,0
DA:2149,0
DA:2151,0
DA:2152,0
DA:2153,0
end_of_record
TN:
SF:/home/jongmunyang/libxml2_3015a_addDict/libxml2-2.9.4/xmlmemory.c
FN:145,xmlMallocBreakpoint
FNDA:0,xmlMallocBreakpoint
FN:162,xmlMallocLoc
FNDA:0,xmlMallocLoc
FN:231,xmlMallocAtomicLoc
FNDA:0,xmlMallocAtomicLoc
FN:304,xmlMemMalloc
FNDA:0,xmlMemMalloc
FN:322,xmlReallocLoc
FNDA:0,xmlReallocLoc
FN:406,xmlMemRealloc
FNDA:0,xmlMemRealloc
FN:417,xmlMemFree
FNDA:0,xmlMemFree
FN:493,xmlMemStrdupLoc
FNDA:0,xmlMemStrdupLoc
FN:551,xmlMemoryStrdup
FNDA:0,xmlMemoryStrdup
FN:564,xmlMemUsed
FNDA:0,xmlMemUsed
FN:582,xmlMemBlocks
FNDA:0,xmlMemBlocks
FN:664,xmlMemDisplayLast
FNDA:0,xmlMemDisplayLast
FN:735,xmlMemDisplay
FNDA:0,xmlMemDisplay
FN:841,debugmem_tag_error
FNDA:0,debugmem_tag_error
FN:865,xmlMemShow
FNDA:0,xmlMemShow
FN:910,xmlMemoryDump
FNDA:1,xmlMemoryDump
FN:943,xmlInitMemory
FNDA:1,xmlInitMemory
FN:987,xmlCleanupMemory
FNDA:1,xmlCleanupMemory
FN:1020,xmlMemSetup
FNDA:0,xmlMemSetup
FN:1058,xmlMemGet
FNDA:0,xmlMemGet
FN:1086,xmlGcMemSetup
FNDA:0,xmlGcMemSetup
FN:1130,xmlGcMemGet
FNDA:0,xmlGcMemGet
DA:145,0
DA:146,0
DA:148,0
DA:162,0
DA:167,0
DA:175,0
DA:177,0
DA:178,0
DA:180,0
DA:181,0
DA:183,0
DA:184,0
DA:185,0
DA:186,0
DA:187,0
DA:188,0
DA:189,0
DA:190,0
DA:191,0
DA:192,0
DA:196,0
DA:203,0
DA:205,0
DA:207,0
DA:208,0
DA:211,0
DA:216,0
DA:231,0
DA:236,0
DA:244,0
DA:245,0
DA:247,0
DA:248,0
DA:251,0
DA:253,0
DA:254,0
DA:256,0
DA:257,0
DA:259,0
DA:260,0
DA:261,0
DA:262,0
DA:263,0
DA:264,0
DA:265,0
DA:266,0
DA:267,0
DA:268,0
DA:272,0
DA:279,0
DA:281,0
DA:283,0
DA:284,0
DA:287,0
DA:292,0
DA:304,0
DA:306,0
DA:322,0
DA:330,0
DA:331,0
DA:333,0
DA:336,0
DA:337,0
DA:338,0
DA:339,0
DA:340,0
DA:341,0
DA:343,0
DA:344,0
DA:345,0
DA:346,0
DA:353,0
DA:355,0
DA:356,0
DA:357,0
DA:358,0
DA:360,0
DA:361,0
DA:362,0
DA:364,0
DA:366,0
DA:368,0
DA:369,0
DA:370,0
DA:371,0
DA:372,0
DA:373,0
DA:374,0
DA:375,0
DA:376,0
DA:377,0
DA:381,0
DA:389,0
DA:391,0
DA:392,0
DA:406,0
DA:407,0
DA:417,0
DA:425,0
DA:426,0
DA:428,0
DA:429,0
DA:431,0
DA:434,0
DA:435,0
DA:437,0
DA:442,0
DA:444,0
DA:445,0
DA:446,0
DA:447,0
DA:449,0
DA:450,0
DA:451,0
DA:452,0
DA:453,0
DA:454,0
DA:461,0
DA:463,0
DA:472,0
DA:474,0
DA:475,0
DA:477,0
DA:478,0
DA:493,0
DA:496,0
DA:499,0
DA:502,0
DA:503,0
DA:504,0
DA:506,0
DA:507,0
DA:508,0
DA:509,0
DA:510,0
DA:511,0
DA:512,0
DA:513,0
DA:514,0
DA:515,0
DA:519,0
DA:521,0
DA:523,0
DA:525,0
DA:529,0
DA:530,0
DA:532,0
DA:535,0
DA:537,0
DA:538,0
DA:551,0
DA:552,0
DA:564,0
DA:567,0
DA:568,0
DA:569,0
DA:570,0
DA:582,0
DA:585,0
DA:586,0
DA:587,0
DA:588,0
DA:664,0
DA:671,0
DA:673,0
DA:674,0
DA:676,0
DA:677,0
DA:678,0
DA:679,0
DA:720,0
DA:722,0
DA:723,0
DA:735,0
DA:747,0
DA:749,0
DA:750,0
DA:751,0
DA:752,0
DA:800,0
DA:802,0
DA:803,0
DA:841,0
DA:843,0
DA:849,0
DA:865,0
DA:871,0
DA:872,0
DA:901,0
DA:910,1
DA:926,1
DA:943,1
DA:956,1
DA:957,1
DA:958,1
DA:961,1
DA:962,1
DA:963,0
DA:967,1
DA:968,1
DA:969,0
DA:977,1
DA:987,1
DA:992,1
DA:993,0
DA:995,1
DA:996,1
DA:997,1
DA:1020,0
DA:1026,0
DA:1027,0
DA:1028,0
DA:1029,0
DA:1030,0
DA:1031,0
DA:1032,0
DA:1033,0
DA:1034,0
DA:1035,0
DA:1036,0
DA:1037,0
DA:1038,0
DA:1043,0
DA:1058,0
DA:1060,0
DA:1061,0
DA:1062,0
DA:1063,0
DA:1064,0
DA:1086,0
DA:1093,0
DA:1094,0
DA:1095,0
DA:1096,0
DA:1097,0
DA:1098,0
DA:1099,0
DA:1100,0
DA:1101,0
DA:1102,0
DA:1103,0
DA:1104,0
DA:1105,0
DA:1106,0
DA:1107,0
DA:1112,0
DA:1130,0
DA:1133,0
DA:1134,0
DA:1135,0
DA:1136,0
DA:1137,0
DA:1138,0
end_of_record
TN:
SF:/home/jongmunyang/libxml2_3015a_addDict/libxml2-2.9.4/threads.c
FN:189,xmlNewMutex
FNDA:2,xmlNewMutex
FN:218,xmlFreeMutex
FNDA:2,xmlFreeMutex
FN:241,xmlMutexLock
FNDA:0,xmlMutexLock
FN:269,xmlMutexUnlock
FNDA:0,xmlMutexUnlock
FN:297,xmlNewRMutex
FNDA:2,xmlNewRMutex
FN:331,xmlFreeRMutex
FNDA:2,xmlFreeRMutex
FN:355,xmlRMutexLock
FNDA:61145,xmlRMutexLock
FN:400,xmlRMutexUnlock
FNDA:61145,xmlRMutexUnlock
FN:439,__xmlGlobalInitMutexLock
FNDA:1,__xmlGlobalInitMutexLock
FN:510,__xmlGlobalInitMutexUnlock
FNDA:1,__xmlGlobalInitMutexUnlock
FN:531,__xmlGlobalInitMutexDestroy
FNDA:1,__xmlGlobalInitMutexDestroy
FN:562,xmlFreeGlobalState
FNDA:0,xmlFreeGlobalState
FN:581,xmlNewGlobalState
FNDA:0,xmlNewGlobalState
FN:659,xmlGetGlobalState
FNDA:0,xmlGetGlobalState
FN:769,xmlGetThreadId
FNDA:0,xmlGetThreadId
FN:798,xmlIsMainThread
FNDA:18630800,xmlIsMainThread
FN:833,xmlLockLibrary
FNDA:0,xmlLockLibrary
FN:848,xmlUnlockLibrary
FNDA:0,xmlUnlockLibrary
FN:863,xmlInitThreads
FNDA:1,xmlInitThreads
FN:911,xmlCleanupThreads
FNDA:1,xmlCleanupThreads
FN:954,xmlOnceInit
FNDA:0,xmlOnceInit
DA:189,2
DA:193,2
DA:194,0
DA:196,2
DA:197,0
DA:207,2
DA:218,2
DA:220,2
DA:221,0
DA:224,2
DA:225,0
DA:231,2
DA:241,0
DA:243,0
DA:244,0
DA:246,0
DA:247,0
DA:269,0
DA:271,0
DA:272,0
DA:274,0
DA:275,0
DA:297,2
DA:301,2
DA:302,0
DA:304,2
DA:305,0
DA:306,0
DA:307,0
DA:308,0
DA:320,2
DA:331,2
DA:333,2
DA:334,0
DA:336,2
DA:337,0
DA:338,0
DA:345,2
DA:355,61145
DA:357,61145
DA:358,0
DA:360,61145
DA:361,61145
DA:363,0
DA:364,0
DA:365,0
DA:366,0
DA:367,0
DA:368,0
DA:370,0
DA:371,0
DA:372,0
DA:373,0
DA:376,0
DA:377,0
DA:378,0
DA:400,61145
DA:402,61145
DA:403,0
DA:405,61145
DA:406,61145
DA:408,0
DA:409,0
DA:410,0
DA:411,0
DA:412,0
DA:413,0
DA:415,0
DA:439,1
DA:444,1
DA:445,1
DA:507,1
DA:510,1
DA:513,1
DA:514,1
DA:522,1
DA:531,1
DA:541,1
DA:562,0
DA:564,0
DA:567,0
DA:568,0
DA:569,0
DA:581,0
DA:585,0
DA:586,0
DA:587,0
DA:589,0
DA:592,0
DA:593,0
DA:594,0
DA:659,0
DA:664,0
DA:665,0
DA:667,0
DA:669,0
DA:670,0
DA:671,0
DA:672,0
DA:673,0
DA:675,0
DA:676,0
DA:678,0
DA:769,0
DA:775,0
DA:776,0
DA:777,0
DA:779,0
DA:780,0
DA:798,18630800
DA:801,18630800
DA:802,0
DA:803,18630800
DA:804,18630800
DA:805,0
DA:816,0
DA:833,0
DA:838,0
DA:839,0
DA:848,0
DA:853,0
DA:854,0
DA:863,1
DA:866,1
DA:867,1
DA:868,0
DA:869,0
DA:870,0
DA:871,0
DA:872,0
DA:873,0
DA:874,0
DA:875,0
DA:876,0
DA:877,0
DA:878,0
DA:879,0
DA:880,0
DA:882,0
DA:888,1
DA:894,1
DA:911,1
DA:917,1
DA:918,0
DA:919,1
DA:940,1
DA:954,0
DA:957,0
DA:958,0
DA:959,0
DA:985,0
end_of_record
TN:
SF:/home/jongmunyang/libxml2_3015a_addDict/libxml2-2.9.4/HTMLparser.c
FN:77,htmlErrMemory
FNDA:0,htmlErrMemory
FN:109,htmlParseErr
FNDA:0,htmlParseErr
FN:136,htmlParseErrInt
FNDA:0,htmlParseErrInt
FN:167,htmlnamePush
FNDA:0,htmlnamePush
FN:197,htmlnamePop
FNDA:0,htmlnamePop
FN:225,htmlNodeInfoPush
FNDA:0,htmlNodeInfoPush
FN:254,htmlNodeInfoPop
FNDA:0,htmlNodeInfoPop
FN:364,htmlFindEncoding
FNDA:0,htmlFindEncoding
FN:416,htmlCurrentChar
FNDA:0,htmlCurrentChar
FN:575,htmlSkipBlankChars
FNDA:0,htmlSkipBlankChars
FN:1231,htmlInitAutoClose
FNDA:1,htmlInitAutoClose
FN:1255,htmlTagLookup
FNDA:0,htmlTagLookup
FN:1273,htmlGetEndPriority
FNDA:0,htmlGetEndPriority
FN:1296,htmlCheckAutoClose
FNDA:0,htmlCheckAutoClose
FN:1333,htmlAutoCloseOnClose
FNDA:0,htmlAutoCloseOnClose
FN:1376,htmlAutoCloseOnEnd
FNDA:0,htmlAutoCloseOnEnd
FN:1402,htmlAutoClose
FNDA:0,htmlAutoClose
FN:1438,htmlAutoCloseTag
FNDA:0,htmlAutoCloseTag
FN:1464,htmlIsAutoClosed
FNDA:0,htmlIsAutoClosed
FN:1486,htmlCheckImplied
FNDA:0,htmlCheckImplied
FN:1554,htmlCheckParagraph
FNDA:0,htmlCheckParagraph
FN:1593,htmlIsScriptAttribute
FNDA:0,htmlIsScriptAttribute
FN:1934,htmlEntityLookup
FNDA:0,htmlEntityLookup
FN:1957,htmlEntityValueLookup
FNDA:0,htmlEntityValueLookup
FN:1987,UTF8ToHtml
FNDA:0,UTF8ToHtml
FN:2091,htmlEncodeEntities
FNDA:0,htmlEncodeEntities
FN:2187,htmlNewInputStream
FNDA:0,htmlNewInputStream
FN:2243,areBlanks
FNDA:0,areBlanks
FN:2310,htmlNewDocNoDtD
FNDA:0,htmlNewDocNoDtD
FN:2355,htmlNewDoc
FNDA:0,htmlNewDoc
FN:2391,htmlParseHTMLName
FNDA:0,htmlParseHTMLName
FN:2425,htmlParseHTMLName_nonInvasive
FNDA:0,htmlParseHTMLName_nonInvasive
FN:2454,htmlParseName
FNDA:0,htmlParseName
FN:2492,htmlParseNameComplex
FNDA:0,htmlParseNameComplex
FN:2550,htmlParseHTMLAttribute
FNDA:0,htmlParseHTMLAttribute
FN:2690,htmlParseEntityRef
FNDA:0,htmlParseEntityRef
FN:2740,htmlParseAttValue
FNDA:0,htmlParseAttValue
FN:2784,htmlParseSystemLiteral
FNDA:0,htmlParseSystemLiteral
FN:2844,htmlParsePubidLiteral
FNDA:0,htmlParsePubidLiteral
FN:2918,htmlParseScript
FNDA:0,htmlParseScript
FN:3006,htmlParseCharDataInternal
FNDA:0,htmlParseCharDataInternal
FN:3104,htmlParseCharData
FNDA:0,htmlParseCharData
FN:3126,htmlParseExternalID
FNDA:0,htmlParseExternalID
FN:3175,htmlParsePI
FNDA:0,htmlParsePI
FN:3286,htmlParseComment
FNDA:0,htmlParseComment
FN:3380,htmlParseCharRef
FNDA:0,htmlParseCharRef
FN:3453,htmlParseDocTypeDecl
FNDA:0,htmlParseDocTypeDecl
FN:3532,htmlParseAttribute
FNDA:0,htmlParseAttribute
FN:3569,htmlCheckEncodingDirect
FNDA:0,htmlCheckEncodingDirect
FN:3656,htmlCheckEncoding
FNDA:0,htmlCheckEncoding
FN:3685,htmlCheckMeta
FNDA:0,htmlCheckMeta
FN:3733,htmlParseStartTag
FNDA:0,htmlParseStartTag
FN:3952,htmlParseEndTag
FNDA:0,htmlParseEndTag
FN:4060,htmlParseReference
FNDA:0,htmlParseReference
FN:4137,htmlParseContent
FNDA:0,htmlParseContent
FN:4294,htmlParseElement
FNDA:0,htmlParseElement
FN:4415,htmlParserFinishElementParsing
FNDA:0,htmlParserFinishElementParsing
FN:4444,htmlParseElementInternal
FNDA:0,htmlParseElementInternal
FN:4537,htmlParseContentInternal
FNDA:0,htmlParseContentInternal
FN:4704,__htmlParseContent
FNDA:0,__htmlParseContent
FN:4721,htmlParseDocument
FNDA:0,htmlParseDocument
FN:4857,htmlInitParserCtxt
FNDA:0,htmlInitParserCtxt
FN:4967,htmlFreeParserCtxt
FNDA:0,htmlFreeParserCtxt
FN:4981,htmlNewParserCtxt
FNDA:0,htmlNewParserCtxt
FN:5008,htmlCreateMemoryParserCtxt
FNDA:0,htmlCreateMemoryParserCtxt
FN:5051,htmlCreateDocParserCtxt
FNDA:0,htmlCreateDocParserCtxt
FN:5124,htmlParseLookupSequence
FNDA:0,htmlParseLookupSequence
FN:5253,htmlParseLookupChars
FNDA:0,htmlParseLookupChars
FN:5321,htmlParseTryOrFinish
FNDA:0,htmlParseTryOrFinish
FN:6101,htmlParseChunk
FNDA:0,htmlParseChunk
FN:6187,htmlCreatePushParserCtxt
FNDA:0,htmlCreatePushParserCtxt
FN:6276,htmlSAXParseDoc
FNDA:0,htmlSAXParseDoc
FN:6315,htmlParseDoc
FNDA:0,htmlParseDoc
FN:6332,htmlCreateFileParserCtxt
FNDA:0,htmlCreateFileParserCtxt
FN:6402,htmlSAXParseFile
FNDA:0,htmlSAXParseFile
FN:6442,htmlParseFile
FNDA:0,htmlParseFile
FN:6456,htmlHandleOmittedElem
FNDA:0,htmlHandleOmittedElem
FN:6474,htmlElementAllowedHere
FNDA:0,htmlElementAllowedHere
FN:6497,htmlElementStatusHere
FNDA:0,htmlElementStatusHere
FN:6517,htmlAttrAllowed
FNDA:0,htmlAttrAllowed
FN:6555,htmlNodeStatus
FNDA:0,htmlNodeStatus
FN:6599,htmlCtxtReset
FNDA:0,htmlCtxtReset
FN:6691,htmlCtxtUseOptions
FNDA:0,htmlCtxtUseOptions
FN:6764,htmlDoRead
FNDA:0,htmlDoRead
FN:6810,htmlReadDoc
FNDA:0,htmlReadDoc
FN:6835,htmlReadFile
FNDA:0,htmlReadFile
FN:6859,htmlReadMemory
FNDA:0,htmlReadMemory
FN:6885,htmlReadFd
FNDA:0,htmlReadFd
FN:6928,htmlReadIO
FNDA:0,htmlReadIO
FN:6975,htmlCtxtReadDoc
FNDA:0,htmlCtxtReadDoc
FN:7009,htmlCtxtReadFile
FNDA:0,htmlCtxtReadFile
FN:7045,htmlCtxtReadMemory
FNDA:0,htmlCtxtReadMemory
FN:7088,htmlCtxtReadFd
FNDA:0,htmlCtxtReadFd
FN:7131,htmlCtxtReadIO
FNDA:0,htmlCtxtReadIO
DA:77,0
DA:79,0
DA:80,0
DA:81,0
DA:82,0
DA:83,0
DA:84,0
DA:85,0
DA:87,0
DA:88,0
DA:93,0
DA:109,0
DA:112,0
DA:113,0
DA:114,0
DA:115,0
DA:116,0
DA:117,0
DA:122,0
DA:123,0
DA:136,0
DA:139,0
DA:140,0
DA:141,0
DA:142,0
DA:143,0
DA:144,0
DA:147,0
DA:148,0
DA:167,0
DA:169,0
DA:170,0
DA:171,0
DA:172,0
DA:173,0
DA:174,0
DA:175,0
DA:176,0
DA:177,0
DA:179,0
DA:180,0
DA:181,0
DA:184,0
DA:185,0
DA:186,0
DA:197,0
DA:201,0
DA:202,0
DA:203,0
DA:204,0
DA:205,0
DA:206,0
DA:207,0
DA:209,0
DA:210,0
DA:211,0
DA:212,0
DA:225,0
DA:227,0
DA:228,0
DA:229,0
DA:230,0
DA:231,0
DA:232,0
DA:233,0
DA:235,0
DA:236,0
DA:237,0
DA:240,0
DA:241,0
DA:242,0
DA:254,0
DA:256,0
DA:257,0
DA:258,0
DA:259,0
DA:260,0
DA:261,0
DA:262,0
DA:264,0
DA:265,0
DA:364,0
DA:367,0
DA:368,0
DA:369,0
DA:370,0
DA:371,0
DA:372,0
DA:374,0
DA:375,0
DA:377,0
DA:378,0
DA:380,0
DA:381,0
DA:382,0
DA:383,0
DA:384,0
DA:385,0
DA:386,0
DA:387,0
DA:388,0
DA:389,0
DA:390,0
DA:391,0
DA:392,0
DA:393,0
DA:394,0
DA:395,0
DA:396,0
DA:397,0
DA:398,0
DA:416,0
DA:417,0
DA:418,0
DA:420,0
DA:421,0
DA:422,0
DA:424,0
DA:436,0
DA:440,0
DA:441,0
DA:442,0
DA:443,0
DA:444,0
DA:446,0
DA:447,0
DA:448,0
DA:450,0
DA:451,0
DA:452,0
DA:454,0
DA:455,0
DA:456,0
DA:457,0
DA:458,0
DA:459,0
DA:461,0
DA:462,0
DA:463,0
DA:465,0
DA:466,0
DA:467,0
DA:468,0
DA:469,0
DA:472,0
DA:473,0
DA:474,0
DA:475,0
DA:479,0
DA:480,0
DA:481,0
DA:483,0
DA:484,0
DA:487,0
DA:489,0
DA:490,0
DA:491,0
DA:493,0
DA:494,0
DA:497,0
DA:498,0
DA:506,0
DA:507,0
DA:508,0
DA:517,0
DA:518,0
DA:519,0
DA:521,0
DA:522,0
DA:523,0
DA:524,0
DA:525,0
DA:526,0
DA:528,0
DA:532,0
DA:535,0
DA:537,0
DA:548,0
DA:549,0
DA:550,0
DA:551,0
DA:553,0
DA:555,0
DA:560,0
DA:561,0
DA:562,0
DA:575,0
DA:576,0
DA:578,0
DA:579,0
DA:580,0
DA:581,0
DA:583,0
DA:584,0
DA:585,0
DA:586,0
DA:587,0
DA:588,0
DA:589,0
DA:591,0
DA:593,0
DA:1231,1
DA:1232,1
DA:1234,1
DA:1236,101
DA:1237,1
DA:1238,72
DA:1239,71
DA:1240,393
DA:1241,71
DA:1243,1
DA:1255,0
DA:1258,0
DA:1259,0
DA:1260,0
DA:1261,0
DA:1263,0
DA:1273,0
DA:1274,0
DA:1276,0
DA:1277,0
DA:1278,0
DA:1280,0
DA:1296,0
DA:1299,0
DA:1301,0
DA:1302,0
DA:1305,0
DA:1306,0
DA:1307,0
DA:1308,0
DA:1309,0
DA:1310,0
DA:1313,0
DA:1314,0
DA:1315,0
DA:1316,0
DA:1317,0
DA:1319,0
DA:1321,0
DA:1333,0
DA:1338,0
DA:1340,0
DA:1342,0
DA:1343,0
DA:1350,0
DA:1351,0
DA:1353,0
DA:1354,0
DA:1356,0
DA:1357,0
DA:1358,0
DA:1359,0
DA:1363,0
DA:1364,0
DA:1365,0
DA:1376,0
DA:1380,0
DA:1381,0
DA:1382,0
DA:1383,0
DA:1384,0
DA:1385,0
DA:1402,0
DA:1404,0
DA:1405,0
DA:1406,0
DA:1407,0
DA:1408,0
DA:1410,0
DA:1411,0
DA:1412,0
DA:1414,0
DA:1415,0
DA:1416,0
DA:1417,0
DA:1418,0
DA:1419,0
DA:1420,0
DA:1438,0
DA:1441,0
DA:1442,0
DA:1443,0
DA:1444,0
DA:1445,0
DA:1446,0
DA:1447,0
DA:1449,0
DA:1464,0
DA:1467,0
DA:1468,0
DA:1469,0
DA:1470,0
DA:1471,0
DA:1473,0
DA:1486,0
DA:1489,0
DA:1490,0
DA:1491,0
DA:1492,0
DA:1493,0
DA:1494,0
DA:1495,0
DA:1496,0
DA:1497,0
DA:1498,0
DA:1500,0
DA:1501,0
DA:1502,0
DA:1503,0
DA:1504,0
DA:1505,0
DA:1506,0
DA:1507,0
DA:1508,0
DA:1509,0
DA:1511,0
DA:1517,0
DA:1518,0
DA:1519,0
DA:1520,0
DA:1521,0
DA:1522,0
DA:1523,0
DA:1525,0
DA:1527,0
DA:1528,0
DA:1529,0
DA:1531,0
DA:1532,0
DA:1536,0
DA:1537,0
DA:1538,0
DA:1554,0
DA:1558,0
DA:1559,0
DA:1560,0
DA:1561,0
DA:1562,0
DA:1563,0
DA:1564,0
DA:1565,0
DA:1566,0
DA:1567,0
DA:1569,0
DA:1570,0
DA:1571,0
DA:1572,0
DA:1573,0
DA:1574,0
DA:1575,0
DA:1576,0
DA:1577,0
DA:1578,0
DA:1581,0
DA:1593,0
DA:1596,0
DA:1597,0
DA:1601,0
DA:1602,0
DA:1603,0
DA:1605,0
DA:1606,0
DA:1607,0
DA:1609,0
DA:1934,0
DA:1937,0
DA:1938,0
DA:1939,0
DA:1940,0
DA:1943,0
DA:1957,0
DA:1960,0
DA:1961,0
DA:1962,0
DA:1963,0
DA:1964,0
DA:1965,0
DA:1968,0
DA:1987,0
DA:1989,0
DA:1991,0
DA:1992,0
DA:1997,0
DA:1998,0
DA:2002,0
DA:2003,0
DA:2004,0
DA:2006,0
DA:2007,0
DA:2008,0
DA:2009,0
DA:2010,0
DA:2011,0
DA:2013,0
DA:2014,0
DA:2015,0
DA:2016,0
DA:2017,0
DA:2018,0
DA:2021,0
DA:2022,0
DA:2023,0
DA:2026,0
DA:2027,0
DA:2030,0
DA:2031,0
DA:2033,0
DA:2034,0
DA:2038,0
DA:2039,0
DA:2040,0
DA:2041,0
DA:2052,0
DA:2053,0
DA:2054,0
DA:2055,0
DA:2058,0
DA:2059,0
DA:2060,0
DA:2061,0
DA:2062,0
DA:2063,0
DA:2064,0
DA:2065,0
DA:2067,0
DA:2069,0
DA:2070,0
DA:2071,0
DA:2091,0
DA:2093,0
DA:2095,0
DA:2096,0
DA:2101,0
DA:2102,0
DA:2103,0
DA:2104,0
DA:2105,0
DA:2106,0
DA:2107,0
DA:2108,0
DA:2110,0
DA:2111,0
DA:2112,0
DA:2113,0
DA:2114,0
DA:2115,0
DA:2118,0
DA:2119,0
DA:2120,0
DA:2123,0
DA:2124,0
DA:2126,0
DA:2127,0
DA:2128,0
DA:2129,0
DA:2130,0
DA:2132,0
DA:2133,0
DA:2137,0
DA:2138,0
DA:2139,0
DA:2140,0
DA:2141,0
DA:2151,0
DA:2152,0
DA:2153,0
DA:2154,0
DA:2157,0
DA:2158,0
DA:2159,0
DA:2160,0
DA:2161,0
DA:2162,0
DA:2163,0
DA:2164,0
DA:2166,0
DA:2168,0
DA:2169,0
DA:2170,0
DA:2187,0
DA:2190,0
DA:2191,0
DA:2192,0
DA:2193,0
DA:2195,0
DA:2196,0
DA:2197,0
DA:2198,0
DA:2199,0
DA:2200,0
DA:2201,0
DA:2202,0
DA:2203,0
DA:2204,0
DA:2205,0
DA:2206,0
DA:2207,0
DA:2208,0
DA:2243,0
DA:2249,0
DA:2250,0
DA:2252,0
DA:2253,0
DA:2254,0
DA:2255,0
DA:2256,0
DA:2257,0
DA:2258,0
DA:2259,0
DA:2262,0
DA:2263,0
DA:2264,0
DA:2265,0
DA:2266,0
DA:2267,0
DA:2271,0
DA:2272,0
DA:2273,0
DA:2274,0
DA:2275,0
DA:2276,0
DA:2277,0
DA:2280,0
DA:2281,0
DA:2282,0
DA:2285,0
DA:2286,0
DA:2290,0
DA:2291,0
DA:2292,0
DA:2296,0
DA:2310,0
DA:2316,0
DA:2317,0
DA:2318,0
DA:2319,0
DA:2321,0
DA:2323,0
DA:2324,0
DA:2325,0
DA:2326,0
DA:2327,0
DA:2328,0
DA:2329,0
DA:2330,0
DA:2331,0
DA:2332,0
DA:2333,0
DA:2334,0
DA:2335,0
DA:2336,0
DA:2337,0
DA:2338,0
DA:2339,0
DA:2341,0
DA:2342,0
DA:2355,0
DA:2356,0
DA:2357,0
DA:2361,0
DA:2391,0
DA:2392,0
DA:2395,0
DA:2396,0
DA:2398,0
DA:2399,0
DA:2400,0
DA:2401,0
DA:2402,0
DA:2403,0
DA:2404,0
DA:2406,0
DA:2409,0
DA:2425,0
DA:2426,0
DA:2429,0
DA:2430,0
DA:2432,0
DA:2433,0
DA:2434,0
DA:2435,0
DA:2436,0
DA:2437,0
DA:2440,0
DA:2454,0
DA:2457,0
DA:2459,0
DA:2464,0
DA:2465,0
DA:2466,0
DA:2467,0
DA:2468,0
DA:2469,0
DA:2470,0
DA:2471,0
DA:2472,0
DA:2473,0
DA:2474,0
DA:2476,0
DA:2477,0
DA:2479,0
DA:2480,0
DA:2481,0
DA:2482,0
DA:2483,0
DA:2484,0
DA:2485,0
DA:2488,0
DA:2492,0
DA:2493,0
DA:2495,0
DA:2496,0
DA:2501,0
DA:2502,0
DA:2503,0
DA:2504,0
DA:2506,0
DA:2509,0
DA:2510,0
DA:2511,0
DA:2512,0
DA:2513,0
DA:2514,0
DA:2515,0
DA:2516,0
DA:2517,0
DA:2519,0
DA:2520,0
DA:2521,0
DA:2522,0
DA:2527,0
DA:2531,0
DA:2532,0
DA:2534,0
DA:2550,0
DA:2551,0
DA:2552,0
DA:2553,0
DA:2554,0
DA:2555,0
DA:2561,0
DA:2562,0
DA:2563,0
DA:2564,0
DA:2565,0
DA:2567,0
DA:2572,0
DA:2573,0
DA:2574,0
DA:2575,0
DA:2576,0
DA:2580,0
DA:2581,0
DA:2582,0
DA:2583,0
DA:2584,0
DA:2585,0
DA:2586,0
DA:2588,0
DA:2590,0
DA:2591,0
DA:2594,0
DA:2595,0
DA:2597,0
DA:2598,0
DA:2601,0
DA:2602,0
DA:2603,0
DA:2604,0
DA:2605,0
DA:2607,0
DA:2608,0
DA:2610,0
DA:2611,0
DA:2612,0
DA:2613,0
DA:2614,0
DA:2615,0
DA:2617,0
DA:2618,0
DA:2620,0
DA:2626,0
DA:2627,0
DA:2629,0
DA:2630,0
DA:2632,0
DA:2633,0
DA:2634,0
DA:2635,0
DA:2636,0
DA:2637,0
DA:2638,0
DA:2640,0
DA:2642,0
DA:2643,0
DA:2651,0
DA:2652,0
DA:2654,0
DA:2655,0
DA:2657,0
DA:2658,0
DA:2659,0
DA:2660,0
DA:2661,0
DA:2662,0
DA:2663,0
DA:2665,0
DA:2667,0
DA:2668,0
DA:2670,0
DA:2673,0
DA:2674,0
DA:2690,0
DA:2692,0
DA:2694,0
DA:2695,0
DA:2697,0
DA:2698,0
DA:2699,0
DA:2700,0
DA:2701,0
DA:2704,0
DA:2705,0
DA:2706,0
DA:2707,0
DA:2712,0
DA:2713,0
DA:2714,0
DA:2716,0
DA:2719,0
DA:2720,0
DA:2724,0
DA:2740,0
DA:2741,0
DA:2743,0
DA:2744,0
DA:2745,0
DA:2746,0
DA:2747,0
DA:2750,0
DA:2751,0
DA:2752,0
DA:2753,0
DA:2754,0
DA:2755,0
DA:2758,0
DA:2763,0
DA:2764,0
DA:2765,0
DA:2769,0
DA:2784,0
DA:2785,0
DA:2786,0
DA:2788,0
DA:2789,0
DA:2791,0
DA:2792,0
DA:2793,0
DA:2795,0
DA:2796,0
DA:2797,0
DA:2799,0
DA:2800,0
DA:2803,0
DA:2804,0
DA:2806,0
DA:2807,0
DA:2809,0
DA:2810,0
DA:2811,0
DA:2813,0
DA:2814,0
DA:2815,0
DA:2817,0
DA:2818,0
DA:2821,0
DA:2822,0
DA:2825,0
DA:2829,0
DA:2844,0
DA:2845,0
DA:2846,0
DA:2850,0
DA:2851,0
DA:2853,0
DA:2854,0
DA:2855,0
DA:2857,0
DA:2858,0
DA:2859,0
DA:2862,0
DA:2863,0
DA:2866,0
DA:2867,0
DA:2869,0
DA:2870,0
DA:2872,0
DA:2873,0
DA:2874,0
DA:2876,0
DA:2877,0
DA:2878,0
DA:2881,0
DA:2882,0
DA:2885,0
DA:2886,0
DA:2889,0
DA:2893,0
DA:2918,0
DA:2920,0
DA:2923,0
DA:2924,0
DA:2925,0
DA:2926,0
DA:2938,0
DA:2939,0
DA:2942,0
DA:2944,0
DA:2949,0
DA:2950,0
DA:2956,0
DA:2957,0
DA:2958,0
DA:2962,0
DA:2963,0
DA:2964,0
DA:2966,0
DA:2968,0
DA:2969,0
DA:2970,0
DA:2973,0
DA:2974,0
DA:2976,0
DA:2977,0
DA:2981,0
DA:2982,0
DA:2986,0
DA:2987,0
DA:2988,0
DA:2991,0
DA:3006,0
DA:3008,0
DA:3010,0
DA:3012,0
DA:3013,0
DA:3015,0
DA:3016,0
DA:3017,0
DA:3018,0
DA:3020,0
DA:3021,0
DA:3024,0
DA:3026,0
DA:3030,0
DA:3031,0
DA:3032,0
DA:3033,0
DA:3034,0
DA:3036,0
DA:3037,0
DA:3041,0
DA:3042,0
DA:3043,0
DA:3046,0
DA:3048,0
DA:3049,0
DA:3050,0
DA:3051,0
DA:3052,0
DA:3053,0
DA:3055,0
DA:3056,0
DA:3057,0
DA:3058,0
DA:3059,0
DA:3062,0
DA:3063,0
DA:3068,0
DA:3069,0
DA:3070,0
DA:3071,0
DA:3072,0
DA:3074,0
DA:3075,0
DA:3079,0
DA:3080,0
DA:3081,0
DA:3088,0
DA:3089,0
DA:3091,0
DA:3104,0
DA:3105,0
DA:3106,0
DA:3126,0
DA:3127,0
DA:3129,0
DA:3130,0
DA:3131,0
DA:3132,0
DA:3133,0
DA:3134,0
DA:3137,0
DA:3138,0
DA:3139,0
DA:3140,0
DA:3143,0
DA:3144,0
DA:3145,0
DA:3146,0
DA:3147,0
DA:3148,0
DA:3151,0
DA:3152,0
DA:3153,0
DA:3154,0
DA:3158,0
DA:3159,0
DA:3160,0
DA:3163,0
DA:3175,0
DA:3176,0
DA:3177,0
DA:3178,0
DA:3182,0
DA:3184,0
DA:3185,0
DA:3186,0
DA:3190,0
DA:3191,0
DA:3197,0
DA:3198,0
DA:3199,0
DA:3200,0
DA:3205,0
DA:3206,0
DA:3207,0
DA:3209,0
DA:3210,0
DA:3212,0
DA:3213,0
DA:3214,0
DA:3215,0
DA:3216,0
DA:3218,0
DA:3219,0
DA:3220,0
DA:3223,0
DA:3224,0
DA:3225,0
DA:3226,0
DA:3229,0
DA:3230,0
DA:3231,0
DA:3232,0
DA:3233,0
DA:3234,0
DA:3235,0
DA:3237,0
DA:3239,0
DA:3240,0
DA:3241,0
DA:3242,0
DA:3244,0
DA:3245,0
DA:3246,0
DA:3247,0
DA:3248,0
DA:3249,0
DA:3250,0
DA:3253,0
DA:3254,0
DA:3255,0
DA:3258,0
DA:3263,0
DA:3264,0
DA:3265,0
DA:3268,0
DA:3270,0
DA:3273,0
DA:3286,0
DA:3287,0
DA:3289,0
DA:3298,0
DA:3299,0
DA:3301,0
DA:3302,0
DA:3303,0
DA:3304,0
DA:3305,0
DA:3306,0
DA:3307,0
DA:3308,0
DA:3309,0
DA:3311,0
DA:3312,0
DA:3313,0
DA:3314,0
DA:3315,0
DA:3316,0
DA:3317,0
DA:3318,0
DA:3319,0
DA:3320,0
DA:3321,0
DA:3322,0
DA:3323,0
DA:3324,0
DA:3325,0
DA:3328,0
DA:3329,0
DA:3330,0
DA:3331,0
DA:3332,0
DA:3333,0
DA:3334,0
DA:3336,0
DA:3338,0
DA:3339,0
DA:3340,0
DA:3341,0
DA:3342,0
DA:3343,0
DA:3344,0
DA:3345,0
DA:3346,0
DA:3347,0
DA:3348,0
DA:3351,0
DA:3352,0
DA:3353,0
DA:3354,0
DA:3355,0
DA:3356,0
DA:3357,0
DA:3358,0
DA:3359,0
DA:3362,0
DA:3363,0
DA:3365,0
DA:3380,0
DA:3381,0
DA:3383,0
DA:3384,0
DA:3387,0
DA:3389,0
DA:3390,0
DA:3391,0
DA:3392,0
DA:3393,0
DA:3394,0
DA:3395,0
DA:3396,0
DA:3397,0
DA:3398,0
DA:3400,0
DA:3403,0
DA:3405,0
DA:3407,0
DA:3408,0
DA:3409,0
DA:3410,0
DA:3411,0
DA:3412,0
DA:3413,0
DA:3415,0
DA:3418,0
DA:3420,0
DA:3422,0
DA:3423,0
DA:3425,0
DA:3431,0
DA:3432,0
DA:3434,0
DA:3438,0
DA:3453,0
DA:3455,0
DA:3456,0
DA:3461,0
DA:3463,0
DA:3468,0
DA:3469,0
DA:3470,0
DA:3478,0
DA:3483,0
DA:3484,0
DA:3489,0
DA:3490,0
DA:3494,0
DA:3499,0
DA:3500,0
DA:3501,0
DA:3506,0
DA:3507,0
DA:3508,0
DA:3532,0
DA:3534,0
DA:3536,0
DA:3537,0
DA:3538,0
DA:3539,0
DA:3541,0
DA:3547,0
DA:3548,0
DA:3549,0
DA:3550,0
DA:3551,0
DA:3554,0
DA:3555,0
DA:3569,0
DA:3571,0
DA:3572,0
DA:3573,0
DA:3576,0
DA:3577,0
DA:3579,0
DA:3583,0
DA:3585,0
DA:3586,0
DA:3587,0
DA:3589,0
DA:3593,0
DA:3594,0
DA:3595,0
DA:3596,0
DA:3597,0
DA:3598,0
DA:3599,0
DA:3600,0
DA:3604,0
DA:3606,0
DA:3611,0
DA:3612,0
DA:3613,0
DA:3614,0
DA:3616,0
DA:3622,0
DA:3623,0
DA:3624,0
DA:3625,0
DA:3632,0
DA:3633,0
DA:3634,0
DA:3635,0
DA:3636,0
DA:3640,0
DA:3656,0
DA:3659,0
DA:3660,0
DA:3662,0
DA:3663,0
DA:3664,0
DA:3669,0
DA:3670,0
DA:3671,0
DA:3672,0
DA:3673,0
DA:3685,0
DA:3688,0
DA:3689,0
DA:3691,0
DA:3692,0
DA:3694,0
DA:3695,0
DA:3696,0
DA:3697,0
DA:3698,0
DA:3699,0
DA:3700,0
DA:3701,0
DA:3702,0
DA:3703,0
DA:3704,0
DA:3705,0
DA:3707,0
DA:3708,0
DA:3733,0
DA:3738,0
DA:3740,0
DA:3742,0
DA:3744,0
DA:3745,0
DA:3747,0
DA:3749,0
DA:3750,0
DA:3751,0
DA:3752,0
DA:3754,0
DA:3755,0
DA:3757,0
DA:3758,0
DA:3759,0
DA:3760,0
DA:3764,0
DA:3765,0
DA:3766,0
DA:3767,0
DA:3772,0
DA:3773,0
DA:3774,0
DA:3775,0
DA:3777,0
DA:3778,0
DA:3783,0
DA:3788,0
DA:3794,0
DA:3795,0
DA:3798,0
DA:3799,0
DA:3801,0
DA:3802,0
DA:3803,0
DA:3806,0
DA:3807,0
DA:3809,0
DA:3811,0
DA:3812,0
DA:3813,0
DA:3816,0
DA:3817,0
DA:3827,0
DA:3828,0
DA:3829,0
DA:3830,0
DA:3831,0
DA:3833,0
DA:3834,0
DA:3835,0
DA:3840,0
DA:3841,0
DA:3842,0
DA:3844,0
DA:3845,0
DA:3846,0
DA:3853,0
DA:3854,0
DA:3856,0
DA:3857,0
DA:3858,0
DA:3859,0
DA:3860,0
DA:3861,0
DA:3863,0
DA:3864,0
DA:3865,0
DA:3868,0
DA:3869,0
DA:3871,0
DA:3872,0
DA:3873,0
DA:3874,0
DA:3875,0
DA:3877,0
DA:3878,0
DA:3879,0
DA:3881,0
DA:3882,0
DA:3883,0
DA:3884,0
DA:3887,0
DA:3888,0
DA:3891,0
DA:3892,0
DA:3893,0
DA:3894,0
DA:3897,0
DA:3898,0
DA:3899,0
DA:3900,0
DA:3903,0
DA:3910,0
DA:3911,0
DA:3916,0
DA:3917,0
DA:3918,0
DA:3919,0
DA:3920,0
DA:3922,0
DA:3926,0
DA:3927,0
DA:3928,0
DA:3929,0
DA:3933,0
DA:3952,0
DA:3958,0
DA:3959,0
DA:3961,0
DA:3963,0
DA:3965,0
DA:3966,0
DA:3967,0
DA:3971,0
DA:3972,0
DA:3973,0
DA:3975,0
DA:3981,0
DA:3982,0
DA:3985,0
DA:3991,0
DA:3992,0
DA:3993,0
DA:3994,0
DA:3995,0
DA:3996,0
DA:4003,0
DA:4004,0
DA:4005,0
DA:4007,0
DA:4008,0
DA:4010,0
DA:4018,0
DA:4025,0
DA:4026,0
DA:4027,0
DA:4036,0
DA:4037,0
DA:4038,0
DA:4039,0
DA:4040,0
DA:4041,0
DA:4042,0
DA:4044,0
DA:4047,0
DA:4060,0
DA:4064,0
DA:4066,0
DA:4068,0
DA:4070,0
DA:4071,0
DA:4072,0
DA:4074,0
DA:4075,0
DA:4076,0
DA:4077,0
DA:4079,0
DA:4080,0
DA:4082,0
DA:4084,0
DA:4085,0
DA:4086,0
DA:4088,0
DA:4089,0
DA:4090,0
DA:4091,0
DA:4092,0
DA:4093,0
DA:4095,0
DA:4096,0
DA:4097,0
DA:4098,0
DA:4099,0
DA:4104,0
DA:4106,0
DA:4107,0
DA:4108,0
DA:4109,0
DA:4110,0
DA:4111,0
DA:4112,0
DA:4114,0
DA:4116,0
DA:4117,0
DA:4119,0
DA:4121,0
DA:4122,0
DA:4123,0
DA:4137,0
DA:4142,0
DA:4143,0
DA:4144,0
DA:4145,0
DA:4147,0
DA:4149,0
DA:4150,0
DA:4155,0
DA:4156,0
DA:4157,0
DA:4158,0
DA:4159,0
DA:4160,0
DA:4162,0
DA:4165,0
DA:4166,0
DA:4167,0
DA:4168,0
DA:4169,0
DA:4170,0
DA:4174,0
DA:4175,0
DA:4177,0
DA:4178,0
DA:4179,0
DA:4182,0
DA:4183,0
DA:4184,0
DA:4185,0
DA:4194,0
DA:4195,0
DA:4197,0
DA:4198,0
DA:4201,0
DA:4202,0
DA:4206,0
DA:4211,0
DA:4212,0
DA:4213,0
DA:4214,0
DA:4215,0
DA:4216,0
DA:4219,0
DA:4225,0
DA:4226,0
DA:4227,0
DA:4233,0
DA:4234,0
DA:4240,0
DA:4241,0
DA:4248,0
DA:4249,0
DA:4255,0
DA:4256,0
DA:4257,0
DA:4264,0
DA:4267,0
DA:4268,0
DA:4269,0
DA:4273,0
DA:4276,0
DA:4278,0
DA:4294,0
DA:4296,0
DA:4303,0
DA:4304,0
DA:4306,0
DA:4309,0
DA:4310,0
DA:4313,0
DA:4314,0
DA:4315,0
DA:4316,0
DA:4319,0
DA:4320,0
DA:4321,0
DA:4322,0
DA:4323,0
DA:4324,0
DA:4330,0
DA:4331,0
DA:4332,0
DA:4339,0
DA:4340,0
DA:4341,0
DA:4342,0
DA:4343,0
DA:4344,0
DA:4347,0
DA:4348,0
DA:4350,0
DA:4356,0
DA:4357,0
DA:4358,0
DA:4364,0
DA:4365,0
DA:4366,0
DA:4367,0
DA:4368,0
DA:4369,0
DA:4371,0
DA:4377,0
DA:4378,0
DA:4379,0
DA:4380,0
DA:4381,0
DA:4387,0
DA:4388,0
DA:4389,0
DA:4390,0
DA:4391,0
DA:4392,0
DA:4393,0
DA:4399,0
DA:4400,0
DA:4401,0
DA:4402,0
DA:4403,0
DA:4404,0
DA:4406,0
DA:4407,0
DA:4410,0
DA:4411,0
DA:4415,0
DA:4419,0
DA:4420,0
DA:4421,0
DA:4422,0
DA:4423,0
DA:4424,0
DA:4425,0
DA:4427,0
DA:4428,0
DA:4430,0
DA:4444,0
DA:4447,0
DA:4450,0
DA:4451,0
DA:4453,0
DA:4456,0
DA:4457,0
DA:4460,0
DA:4461,0
DA:4462,0
DA:4463,0
DA:4466,0
DA:4467,0
DA:4468,0
DA:4469,0
DA:4470,0
DA:4471,0
DA:4477,0
DA:4478,0
DA:4479,0
DA:4486,0
DA:4487,0
DA:4488,0
DA:4489,0
DA:4490,0
DA:4491,0
DA:4494,0
DA:4495,0
DA:4497,0
DA:4503,0
DA:4504,0
DA:4505,0
DA:4508,0
DA:4509,0
DA:4510,0
DA:4511,0
DA:4517,0
DA:4518,0
DA:4519,0
DA:4520,0
DA:4521,0
DA:4524,0
DA:4525,0
DA:4537,0
DA:4542,0
DA:4543,0
DA:4544,0
DA:4545,0
DA:4547,0
DA:4549,0
DA:4550,0
DA:4555,0
DA:4556,0
DA:4557,0
DA:4558,0
DA:4559,0
DA:4561,0
DA:4562,0
DA:4564,0
DA:4567,0
DA:4568,0
DA:4569,0
DA:4570,0
DA:4571,0
DA:4572,0
DA:4576,0
DA:4577,0
DA:4579,0
DA:4580,0
DA:4581,0
DA:4583,0
DA:4584,0
DA:4585,0
DA:4588,0
DA:4589,0
DA:4590,0
DA:4591,0
DA:4600,0
DA:4601,0
DA:4603,0
DA:4604,0
DA:4606,0
DA:4607,0
DA:4608,0
DA:4611,0
DA:4612,0
DA:4616,0
DA:4621,0
DA:4622,0
DA:4623,0
DA:4624,0
DA:4625,0
DA:4626,0
DA:4629,0
DA:4635,0
DA:4636,0
DA:4637,0
DA:4643,0
DA:4644,0
DA:4650,0
DA:4651,0
DA:4652,0
DA:4654,0
DA:4655,0
DA:4662,0
DA:4663,0
DA:4669,0
DA:4670,0
DA:4671,0
DA:4678,0
DA:4681,0
DA:4682,0
DA:4683,0
DA:4687,0
DA:4690,0
DA:4692,0
DA:4693,0
DA:4704,0
DA:4705,0
DA:4706,0
DA:4707,0
DA:4721,0
DA:4726,0
DA:4728,0
DA:4730,0
DA:4731,0
DA:4733,0
DA:4735,0
DA:4736,0
DA:4737,0
DA:4741,0
DA:4742,0
DA:4744,0
DA:4745,0
DA:4751,0
DA:4752,0
DA:4753,0
DA:4754,0
DA:4755,0
DA:4756,0
DA:4757,0
DA:4764,0
DA:4765,0
DA:4766,0
DA:4770,0
DA:4771,0
DA:4777,0
DA:4778,0
DA:4779,0
DA:4780,0
DA:4781,0
DA:4782,0
DA:4790,0
DA:4791,0
DA:4792,0
DA:4793,0
DA:4794,0
DA:4795,0
DA:4797,0
DA:4802,0
DA:4803,0
DA:4804,0
DA:4805,0
DA:4806,0
DA:4807,0
DA:4813,0
DA:4818,0
DA:4819,0
DA:4825,0
DA:4826,0
DA:4828,0
DA:4829,0
DA:4830,0
DA:4831,0
DA:4832,0
DA:4836,0
DA:4837,0
DA:4857,0
DA:4861,0
DA:4862,0
DA:4864,0
DA:4865,0
DA:4866,0
DA:4867,0
DA:4869,0
DA:4870,0
DA:4871,0
DA:4872,0
DA:4875,0
DA:4878,0
DA:4879,0
DA:4880,0
DA:4881,0
DA:4882,0
DA:4883,0
DA:4884,0
DA:4885,0
DA:4887,0
DA:4888,0
DA:4889,0
DA:4890,0
DA:4891,0
DA:4892,0
DA:4893,0
DA:4896,0
DA:4897,0
DA:4898,0
DA:4899,0
DA:4900,0
DA:4901,0
DA:4902,0
DA:4903,0
DA:4904,0
DA:4905,0
DA:4907,0
DA:4908,0
DA:4909,0
DA:4912,0
DA:4913,0
DA:4914,0
DA:4915,0
DA:4916,0
DA:4917,0
DA:4918,0
DA:4919,0
DA:4920,0
DA:4921,0
DA:4922,0
DA:4923,0
DA:4924,0
DA:4926,0
DA:4927,0
DA:4928,0
DA:4930,0
DA:4931,0
DA:4932,0
DA:4934,0
DA:4936,0
DA:4937,0
DA:4939,0
DA:4940,0
DA:4941,0
DA:4942,0
DA:4943,0
DA:4944,0
DA:4945,0
DA:4946,0
DA:4947,0
DA:4948,0
DA:4949,0
DA:4950,0
DA:4951,0
DA:4952,0
DA:4953,0
DA:4954,0
DA:4955,0
DA:4967,0
DA:4969,0
DA:4970,0
DA:4981,0
DA:4985,0
DA:4986,0
DA:4987,0
DA:4988,0
DA:4990,0
DA:4991,0
DA:4992,0
DA:4993,0
DA:4995,0
DA:5008,0
DA:5013,0
DA:5014,0
DA:5015,0
DA:5016,0
DA:5018,0
DA:5019,0
DA:5020,0
DA:5022,0
DA:5023,0
DA:5025,0
DA:5026,0
DA:5027,0
DA:5028,0
DA:5031,0
DA:5032,0
DA:5033,0
DA:5035,0
DA:5036,0
DA:5051,0
DA:5055,0
DA:5056,0
DA:5057,0
DA:5058,0
DA:5059,0
DA:5060,0
DA:5062,0
DA:5066,0
DA:5067,0
DA:5068,0
DA:5070,0
DA:5074,0
DA:5075,0
DA:5076,0
DA:5077,0
DA:5085,0
DA:5086,0
DA:5087,0
DA:5089,0
DA:5095,0
DA:5124,0
DA:5131,0
DA:5132,0
DA:5133,0
DA:5135,0
DA:5136,0
DA:5137,0
DA:5139,0
DA:5140,0
DA:5141,0
DA:5143,0
DA:5144,0
DA:5146,0
DA:5147,0
DA:5148,0
DA:5150,0
DA:5151,0
DA:5155,0
DA:5156,0
DA:5157,0
DA:5158,0
DA:5159,0
DA:5160,0
DA:5161,0
DA:5162,0
DA:5163,0
DA:5165,0
DA:5168,0
DA:5169,0
DA:5170,0
DA:5171,0
DA:5172,0
DA:5173,0
DA:5176,0
DA:5177,0
DA:5178,0
DA:5180,0
DA:5181,0
DA:5184,0
DA:5185,0
DA:5186,0
DA:5187,0
DA:5188,0
DA:5189,0
DA:5190,0
DA:5192,0
DA:5194,0
DA:5195,0
DA:5196,0
DA:5197,0
DA:5198,0
DA:5199,0
DA:5200,0
DA:5202,0
DA:5217,0
DA:5220,0
DA:5221,0
DA:5234,0
DA:5253,0
DA:5259,0
DA:5262,0
DA:5263,0
DA:5264,0
DA:5266,0
DA:5267,0
DA:5268,0
DA:5270,0
DA:5271,0
DA:5273,0
DA:5274,0
DA:5275,0
DA:5277,0
DA:5278,0
DA:5281,0
DA:5282,0
DA:5283,0
DA:5284,0
DA:5285,0
DA:5287,0
DA:5290,0
DA:5291,0
DA:5292,0
DA:5293,0
DA:5294,0
DA:5295,0
DA:5296,0
DA:5298,0
DA:5300,0
DA:5301,0
DA:5302,0
DA:5303,0
DA:5307,0
DA:5308,0
DA:5321,0
DA:5322,0
DA:5324,0
DA:5384,0
DA:5385,0
DA:5386,0
DA:5387,0
DA:5389,0
DA:5390,0
DA:5391,0
DA:5392,0
DA:5396,0
DA:5397,0
DA:5398,0
DA:5401,0
DA:5402,0
DA:5403,0
DA:5404,0
DA:5405,0
DA:5406,0
DA:5409,0
DA:5410,0
DA:5414,0
DA:5415,0
DA:5419,0
DA:5420,0
DA:5421,0
DA:5422,0
DA:5423,0
DA:5425,0
DA:5427,0
DA:5428,0
DA:5430,0
DA:5431,0
DA:5432,0
DA:5434,0
DA:5435,0
DA:5436,0
DA:5437,0
DA:5438,0
DA:5439,0
DA:5440,0
DA:5441,0
DA:5442,0
DA:5443,0
DA:5448,0
DA:5449,0
DA:5455,0
DA:5461,0
DA:5462,0
DA:5463,0
DA:5464,0
DA:5465,0
DA:5467,0
DA:5471,0
DA:5472,0
DA:5476,0
DA:5477,0
DA:5478,0
DA:5480,0
DA:5482,0
DA:5484,0
DA:5485,0
DA:5486,0
DA:5487,0
DA:5488,0
DA:5489,0
DA:5494,0
DA:5495,0
DA:5496,0
DA:5497,0
DA:5498,0
DA:5499,0
DA:5504,0
DA:5505,0
DA:5506,0
DA:5507,0
DA:5508,0
DA:5509,0
DA:5510,0
DA:5511,0
DA:5512,0
DA:5513,0
DA:5518,0
DA:5519,0
DA:5524,0
DA:5526,0
DA:5528,0
DA:5534,0
DA:5535,0
DA:5536,0
DA:5537,0
DA:5538,0
DA:5540,0
DA:5541,0
DA:5542,0
DA:5543,0
DA:5544,0
DA:5545,0
DA:5546,0
DA:5547,0
DA:5548,0
DA:5549,0
DA:5554,0
DA:5555,0
DA:5556,0
DA:5557,0
DA:5558,0
DA:5559,0
DA:5564,0
DA:5565,0
DA:5566,0
DA:5568,0
DA:5570,0
DA:5576,0
DA:5577,0
DA:5578,0
DA:5579,0
DA:5581,0
DA:5582,0
DA:5583,0
DA:5584,0
DA:5585,0
DA:5586,0
DA:5587,0
DA:5589,0
DA:5590,0
DA:5591,0
DA:5592,0
DA:5593,0
DA:5594,0
DA:5595,0
DA:5596,0
DA:5601,0
DA:5602,0
DA:5603,0
DA:5604,0
DA:5605,0
DA:5606,0
DA:5611,0
DA:5612,0
DA:5613,0
DA:5615,0
DA:5617,0
DA:5618,0
DA:5619,0
DA:5624,0
DA:5625,0
DA:5626,0
DA:5628,0
DA:5629,0
DA:5637,0
DA:5638,0
DA:5642,0
DA:5643,0
DA:5644,0
DA:5646,0
DA:5648,0
DA:5650,0
DA:5651,0
DA:5652,0
DA:5657,0
DA:5659,0
DA:5660,0
DA:5661,0
DA:5666,0
DA:5668,0
DA:5669,0
DA:5670,0
DA:5673,0
DA:5674,0
DA:5675,0
DA:5676,0
DA:5680,0
DA:5681,0
DA:5682,0
DA:5684,0
DA:5685,0
DA:5686,0
DA:5692,0
DA:5693,0
DA:5694,0
DA:5701,0
DA:5702,0
DA:5703,0
DA:5704,0
DA:5705,0
DA:5706,0
DA:5711,0
DA:5714,0
DA:5715,0
DA:5717,0
DA:5724,0
DA:5725,0
DA:5726,0
DA:5729,0
DA:5730,0
DA:5732,0
DA:5737,0
DA:5743,0
DA:5744,0
DA:5745,0
DA:5746,0
DA:5749,0
DA:5750,0
DA:5752,0
DA:5757,0
DA:5759,0
DA:5764,0
DA:5765,0
DA:5767,0
DA:5768,0
DA:5769,0
DA:5770,0
DA:5771,0
DA:5772,0
DA:5774,0
DA:5775,0
DA:5776,0
DA:5777,0
DA:5778,0
DA:5779,0
DA:5780,0
DA:5781,0
DA:5784,0
DA:5785,0
DA:5789,0
DA:5790,0
DA:5791,0
DA:5795,0
DA:5796,0
DA:5797,0
DA:5798,0
DA:5801,0
DA:5802,0
DA:5803,0
DA:5804,0
DA:5805,0
DA:5806,0
DA:5807,0
DA:5811,0
DA:5815,0
DA:5816,0
DA:5817,0
DA:5818,0
DA:5819,0
DA:5820,0
DA:5822,0
DA:5823,0
DA:5824,0
DA:5825,0
DA:5830,0
DA:5836,0
DA:5837,0
DA:5838,0
DA:5839,0
DA:5840,0
DA:5841,0
DA:5842,0
DA:5843,0
DA:5844,0
DA:5847,0
DA:5848,0
DA:5849,0
DA:5850,0
DA:5851,0
DA:5853,0
DA:5858,0
DA:5859,0
DA:5860,0
DA:5861,0
DA:5862,0
DA:5863,0
DA:5868,0
DA:5869,0
DA:5870,0
DA:5871,0
DA:5872,0
DA:5873,0
DA:5874,0
DA:5879,0
DA:5880,0
DA:5881,0
DA:5882,0
DA:5887,0
DA:5888,0
DA:5889,0
DA:5890,0
DA:5892,0
DA:5898,0
DA:5906,0
DA:5907,0
DA:5908,0
DA:5909,0
DA:5914,0
DA:5917,0
DA:5918,0
DA:5919,0
DA:5923,0
DA:5924,0
DA:5927,0
DA:5929,0
DA:5930,0
DA:5931,0
DA:5932,0
DA:5933,0
DA:5934,0
DA:5935,0
DA:5936,0
DA:5937,0
DA:5939,0
DA:5941,0
DA:5946,0
DA:5947,0
DA:5948,0
DA:5951,0
DA:5952,0
DA:5957,0
DA:5958,0
DA:5959,0
DA:5962,0
DA:5963,0
DA:5968,0
DA:5969,0
DA:5970,0
DA:5973,0
DA:5974,0
DA:5979,0
DA:5980,0
DA:5981,0
DA:5984,0
DA:5985,0
DA:5990,0
DA:5991,0
DA:5992,0
DA:5995,0
DA:5996,0
DA:6001,0
DA:6002,0
DA:6003,0
DA:6006,0
DA:6007,0
DA:6012,0
DA:6013,0
DA:6014,0
DA:6017,0
DA:6018,0
DA:6023,0
DA:6024,0
DA:6025,0
DA:6028,0
DA:6029,0
DA:6034,0
DA:6035,0
DA:6036,0
DA:6039,0
DA:6040,0
DA:6045,0
DA:6046,0
DA:6047,0
DA:6050,0
DA:6051,0
DA:6056,0
DA:6059,0
DA:6060,0
DA:6061,0
DA:6062,0
DA:6063,0
DA:6067,0
DA:6068,0
DA:6069,0
DA:6072,0
DA:6073,0
DA:6074,0
DA:6076,0
DA:6077,0
DA:6078,0
DA:6079,0
DA:6086,0
DA:6101,0
DA:6103,0
DA:6104,0
DA:6106,0
DA:6108,0
DA:6109,0
DA:6110,0
DA:6111,0
DA:6114,0
DA:6115,0
DA:6116,0
DA:6117,0
DA:6118,0
DA:6120,0
DA:6129,0
DA:6130,0
DA:6131,0
DA:6132,0
DA:6133,0
DA:6135,0
DA:6136,0
DA:6138,0
DA:6139,0
DA:6140,0
DA:6142,0
DA:6144,0
DA:6148,0
DA:6149,0
DA:6150,0
DA:6151,0
DA:6152,0
DA:6153,0
DA:6154,0
DA:6156,0
DA:6157,0
DA:6158,0
DA:6160,0
DA:6162,0
DA:6187,0
DA:6194,0
DA:6196,0
DA:6197,0
DA:6199,0
DA:6200,0
DA:6201,0
DA:6202,0
DA:6204,0
DA:6205,0
DA:6206,0
DA:6207,0
DA:6208,0
DA:6209,0
DA:6210,0
DA:6211,0
DA:6212,0
DA:6213,0
DA:6215,0
DA:6216,0
DA:6217,0
DA:6219,0
DA:6220,0
DA:6222,0
DA:6225,0
DA:6226,0
DA:6227,0
DA:6228,0
DA:6229,0
DA:6232,0
DA:6233,0
DA:6235,0
DA:6236,0
DA:6237,0
DA:6238,0
DA:6240,0
DA:6242,0
DA:6243,0
DA:6244,0
DA:6245,0
DA:6247,0
DA:6249,0
DA:6254,0
DA:6256,0
DA:6276,0
DA:6280,0
DA:6282,0
DA:6285,0
DA:6286,0
DA:6287,0
DA:6288,0
DA:6289,0
DA:6290,0
DA:6293,0
DA:6294,0
DA:6295,0
DA:6296,0
DA:6297,0
DA:6299,0
DA:6301,0
DA:6315,0
DA:6316,0
DA:6332,0
DA:6338,0
DA:6340,0
DA:6341,0
DA:6343,0
DA:6344,0
DA:6345,0
DA:6347,0
DA:6348,0
DA:6350,0
DA:6351,0
DA:6354,0
DA:6355,0
DA:6358,0
DA:6359,0
DA:6360,0
DA:6361,0
DA:6362,0
DA:6365,0
DA:6368,0
DA:6369,0
DA:6371,0
DA:6372,0
DA:6373,0
DA:6374,0
DA:6375,0
DA:6376,0
DA:6377,0
DA:6382,0
DA:6402,0
DA:6406,0
DA:6408,0
DA:6410,0
DA:6411,0
DA:6412,0
DA:6413,0
DA:6414,0
DA:6415,0
DA:6418,0
DA:6420,0
DA:6421,0
DA:6422,0
DA:6423,0
DA:6425,0
DA:6427,0
DA:6442,0
DA:6443,0
DA:6456,0
DA:6457,0
DA:6459,0
DA:6460,0
DA:6474,0
DA:6477,0
DA:6478,0
DA:6480,0
DA:6481,0
DA:6482,0
DA:6484,0
DA:6497,0
DA:6498,0
DA:6499,0
DA:6500,0
DA:6501,0
DA:6503,0
DA:6517,0
DA:6520,0
DA:6521,0
DA:6523,0
DA:6524,0
DA:6525,0
DA:6526,0
DA:6528,0
DA:6529,0
DA:6530,0
DA:6531,0
DA:6533,0
DA:6534,0
DA:6535,0
DA:6536,0
DA:6538,0
DA:6555,0
DA:6556,0
DA:6557,0
DA:6559,0
DA:6560,0
DA:6562,0
DA:6563,0
DA:6565,0
DA:6566,0
DA:6569,0
DA:6570,0
DA:6571,0
DA:6572,0
DA:6599,0
DA:6604,0
DA:6605,0
DA:6607,0
DA:6608,0
DA:6610,0
DA:6611,0
DA:6613,0
DA:6614,0
DA:6616,0
DA:6617,0
DA:6618,0
DA:6619,0
DA:6621,0
DA:6625,0
DA:6626,0
DA:6628,0
DA:6629,0
DA:6631,0
DA:6632,0
DA:6633,0
DA:6634,0
DA:6635,0
DA:6636,0
DA:6637,0
DA:6638,0
DA:6639,0
DA:6640,0
DA:6641,0
DA:6642,0
DA:6643,0
DA:6645,0
DA:6646,0
DA:6647,0
DA:6648,0
DA:6649,0
DA:6650,0
DA:6651,0
DA:6653,0
DA:6654,0
DA:6655,0
DA:6656,0
DA:6657,0
DA:6658,0
DA:6659,0
DA:6660,0
DA:6661,0
DA:6662,0
DA:6663,0
DA:6664,0
DA:6665,0
DA:6666,0
DA:6667,0
DA:6668,0
DA:6670,0
DA:6671,0
DA:6672,0
DA:6674,0
DA:6675,0
DA:6676,0
DA:6691,0
DA:6693,0
DA:6694,0
DA:6696,0
DA:6697,0
DA:6698,0
DA:6699,0
DA:6700,0
DA:6702,0
DA:6703,0
DA:6704,0
DA:6705,0
DA:6706,0
DA:6707,0
DA:6709,0
DA:6710,0
DA:6711,0
DA:6712,0
DA:6714,0
DA:6715,0
DA:6716,0
DA:6717,0
DA:6718,0
DA:6719,0
DA:6721,0
DA:6722,0
DA:6723,0
DA:6724,0
DA:6726,0
DA:6727,0
DA:6728,0
DA:6729,0
DA:6731,0
DA:6732,0
DA:6733,0
DA:6735,0
DA:6736,0
DA:6737,0
DA:6739,0
DA:6740,0
DA:6741,0
DA:6743,0
DA:6744,0
DA:6745,0
DA:6747,0
DA:6748,0
DA:6764,0
DA:6769,0
DA:6770,0
DA:6771,0
DA:6774,0
DA:6775,0
DA:6776,0
DA:6777,0
DA:6778,0
DA:6779,0
DA:6782,0
DA:6783,0
DA:6784,0
DA:6785,0
DA:6786,0
DA:6787,0
DA:6788,0
DA:6789,0
DA:6790,0
DA:6791,0
DA:6792,0
DA:6793,0
DA:6795,0
DA:6810,0
DA:6814,0
DA:6815,0
DA:6817,0
DA:6818,0
DA:6819,0
DA:6820,0
DA:6821,0
DA:6835,0
DA:6839,0
DA:6840,0
DA:6841,0
DA:6842,0
DA:6843,0
DA:6859,0
DA:6863,0
DA:6864,0
DA:6865,0
DA:6866,0
DA:6867,0
DA:6868,0
DA:6869,0
DA:6870,0
DA:6885,0
DA:6891,0
DA:6892,0
DA:6893,0
DA:6895,0
DA:6896,0
DA:6897,0
DA:6898,0
DA:6899,0
DA:6900,0
DA:6901,0
DA:6902,0
DA:6904,0
DA:6905,0
DA:6906,0
DA:6907,0
DA:6908,0
DA:6910,0
DA:6911,0
DA:6928,0
DA:6935,0
DA:6936,0
DA:6937,0
DA:6939,0
DA:6941,0
DA:6942,0
DA:6943,0
DA:6944,0
DA:6946,0
DA:6947,0
DA:6948,0
DA:6949,0
DA:6951,0
DA:6952,0
DA:6953,0
DA:6954,0
DA:6955,0
DA:6957,0
DA:6958,0
DA:6975,0
DA:6980,0
DA:6981,0
DA:6982,0
DA:6983,0
DA:6984,0
DA:6986,0
DA:6988,0
DA:6989,0
DA:6990,0
DA:6992,0
DA:6993,0
DA:7009,0
DA:7014,0
DA:7015,0
DA:7016,0
DA:7017,0
DA:7018,0
DA:7020,0
DA:7022,0
DA:7023,0
DA:7024,0
DA:7026,0
DA:7027,0
DA:7045,0
DA:7051,0
DA:7052,0
DA:7053,0
DA:7054,0
DA:7055,0
DA:7057,0
DA:7059,0
DA:7060,0
DA:7061,0
DA:7064,0
DA:7065,0
DA:7066,0
DA:7067,0
DA:7070,0
DA:7071,0
DA:7088,0
DA:7094,0
DA:7095,0
DA:7096,0
DA:7097,0
DA:7098,0
DA:7100,0
DA:7103,0
DA:7104,0
DA:7105,0
DA:7106,0
DA:7107,0
DA:7108,0
DA:7109,0
DA:7111,0
DA:7112,0
DA:7131,0
DA:7139,0
DA:7140,0
DA:7141,0
DA:7142,0
DA:7143,0
DA:7145,0
DA:7147,0
DA:7149,0
DA:7150,0
DA:7151,0
DA:7152,0
DA:7154,0
DA:7155,0
DA:7156,0
DA:7157,0
DA:7159,0
DA:7160,0
end_of_record
TN:
SF:/home/jongmunyang/libxml2_3015a_addDict/libxml2-2.9.4/HTMLtree.c
FN:50,htmlGetMetaEncoding
FNDA:0,htmlGetMetaEncoding
FN:164,htmlSetMetaEncoding
FNDA:0,htmlSetMetaEncoding
FN:323,htmlIsBooleanAttr
FNDA:0,htmlIsBooleanAttr
FN:353,htmlSaveErrMemory
FNDA:0,htmlSaveErrMemory
FN:367,htmlSaveErr
FNDA:0,htmlSaveErr
FN:408,htmlBufNodeDumpFormat
FNDA:0,htmlBufNodeDumpFormat
FN:452,htmlNodeDump
FNDA:0,htmlNodeDump
FN:488,htmlNodeDumpFileFormat
FNDA:0,htmlNodeDumpFileFormat
FN:537,htmlNodeDumpFile
FNDA:0,htmlNodeDumpFile
FN:552,htmlDocDumpMemoryFormat
FNDA:0,htmlDocDumpMemoryFormat
FN:630,htmlDocDumpMemory
FNDA:0,htmlDocDumpMemory
FN:654,htmlDtdDumpOutput
FNDA:0,htmlDtdDumpOutput
FN:689,htmlAttrDumpOutput
FNDA:0,htmlAttrDumpOutput
FN:783,htmlAttrListDumpOutput
FNDA:0,htmlAttrListDumpOutput
FN:806,htmlNodeListDumpOutput
FNDA:0,htmlNodeListDumpOutput
FN:828,htmlNodeDumpFormatOutput
FNDA:0,htmlNodeDumpFormatOutput
FN:1017,htmlNodeDumpOutput
FNDA:0,htmlNodeDumpOutput
FN:1032,htmlDocContentDumpFormatOutput
FNDA:0,htmlDocContentDumpFormatOutput
FN:1065,htmlDocContentDumpOutput
FNDA:0,htmlDocContentDumpOutput
FN:1086,htmlDocDump
FNDA:0,htmlDocDump
FN:1146,htmlSaveFile
FNDA:0,htmlSaveFile
FN:1209,htmlSaveFileFormat
FNDA:0,htmlSaveFileFormat
FN:1273,htmlSaveFileEnc
FNDA:0,htmlSaveFileEnc
DA:50,0
DA:55,0
DA:56,0
DA:57,0
DA:62,0
DA:63,0
DA:64,0
DA:65,0
DA:66,0
DA:67,0
DA:68,0
DA:69,0
DA:71,0
DA:73,0
DA:74,0
DA:75,0
DA:80,0
DA:81,0
DA:82,0
DA:83,0
DA:84,0
DA:85,0
DA:87,0
DA:89,0
DA:90,0
DA:91,0
DA:92,0
DA:97,0
DA:98,0
DA:99,0
DA:100,0
DA:101,0
DA:105,0
DA:106,0
DA:107,0
DA:108,0
DA:109,0
DA:110,0
DA:111,0
DA:112,0
DA:113,0
DA:114,0
DA:115,0
DA:116,0
DA:117,0
DA:118,0
DA:119,0
DA:121,0
DA:125,0
DA:127,0
DA:129,0
DA:130,0
DA:131,0
DA:132,0
DA:133,0
DA:134,0
DA:135,0
DA:136,0
DA:138,0
DA:139,0
DA:140,0
DA:141,0
DA:142,0
DA:143,0
DA:144,0
DA:146,0
DA:147,0
DA:149,0
DA:164,0
DA:165,0
DA:166,0
DA:169,0
DA:171,0
DA:172,0
DA:175,0
DA:176,0
DA:178,0
DA:179,0
DA:181,0
DA:184,0
DA:189,0
DA:190,0
DA:191,0
DA:192,0
DA:193,0
DA:194,0
DA:195,0
DA:196,0
DA:198,0
DA:200,0
DA:201,0
DA:202,0
DA:207,0
DA:208,0
DA:209,0
DA:210,0
DA:211,0
DA:212,0
DA:213,0
DA:216,0
DA:218,0
DA:219,0
DA:220,0
DA:221,0
DA:222,0
DA:223,0
DA:224,0
DA:226,0
DA:231,0
DA:232,0
DA:233,0
DA:234,0
DA:238,0
DA:239,0
DA:240,0
DA:241,0
DA:242,0
DA:243,0
DA:244,0
DA:245,0
DA:246,0
DA:247,0
DA:250,0
DA:251,0
DA:252,0
DA:254,0
DA:255,0
DA:257,0
DA:259,0
DA:260,0
DA:261,0
DA:266,0
DA:268,0
DA:269,0
DA:270,0
DA:275,0
DA:276,0
DA:277,0
DA:279,0
DA:280,0
DA:281,0
DA:285,0
DA:286,0
DA:287,0
DA:290,0
DA:291,0
DA:296,0
DA:323,0
DA:325,0
DA:327,0
DA:328,0
DA:329,0
DA:330,0
DA:332,0
DA:353,0
DA:355,0
DA:356,0
DA:367,0
DA:369,0
DA:371,0
DA:372,0
DA:373,0
DA:374,0
DA:375,0
DA:376,0
DA:377,0
DA:378,0
DA:379,0
DA:380,0
DA:381,0
DA:382,0
DA:383,0
DA:384,0
DA:385,0
DA:387,0
DA:388,0
DA:408,0
DA:414,0
DA:415,0
DA:417,0
DA:418,0
DA:420,0
DA:421,0
DA:422,0
DA:423,0
DA:425,0
DA:426,0
DA:427,0
DA:428,0
DA:429,0
DA:430,0
DA:431,0
DA:433,0
DA:434,0
DA:435,0
DA:436,0
DA:437,0
DA:452,0
DA:456,0
DA:457,0
DA:459,0
DA:460,0
DA:461,0
DA:462,0
DA:464,0
DA:466,0
DA:468,0
DA:469,0
DA:470,0
DA:488,0
DA:491,0
DA:494,0
DA:496,0
DA:499,0
DA:500,0
DA:501,0
DA:502,0
DA:503,0
DA:510,0
DA:511,0
DA:512,0
DA:513,0
DA:518,0
DA:519,0
DA:521,0
DA:523,0
DA:524,0
DA:537,0
DA:538,0
DA:539,0
DA:552,0
DA:554,0
DA:557,0
DA:559,0
DA:560,0
DA:561,0
DA:562,0
DA:563,0
DA:564,0
DA:567,0
DA:569,0
DA:572,0
DA:573,0
DA:574,0
DA:578,0
DA:579,0
DA:580,0
DA:583,0
DA:584,0
DA:585,0
DA:588,0
DA:595,0
DA:596,0
DA:597,0
DA:598,0
DA:600,0
DA:601,0
DA:602,0
DA:603,0
DA:604,0
DA:607,0
DA:609,0
DA:610,0
DA:611,0
DA:612,0
DA:614,0
DA:615,0
DA:617,0
DA:630,0
DA:631,0
DA:632,0
DA:654,0
DA:656,0
DA:658,0
DA:659,0
DA:660,0
DA:662,0
DA:663,0
DA:664,0
DA:665,0
DA:666,0
DA:667,0
DA:668,0
DA:669,0
DA:671,0
DA:672,0
DA:673,0
DA:674,0
DA:676,0
DA:689,0
DA:700,0
DA:701,0
DA:703,0
DA:704,0
DA:705,0
DA:706,0
DA:708,0
DA:709,0
DA:710,0
DA:711,0
DA:712,0
DA:713,0
DA:714,0
DA:715,0
DA:716,0
DA:717,0
DA:718,0
DA:719,0
DA:720,0
DA:722,0
DA:724,0
DA:727,0
DA:730,0
DA:731,0
DA:732,0
DA:733,0
DA:734,0
DA:735,0
DA:740,0
DA:741,0
DA:742,0
DA:743,0
DA:745,0
DA:748,0
DA:749,0
DA:753,0
DA:754,0
DA:755,0
DA:756,0
DA:757,0
DA:758,0
DA:759,0
DA:762,0
DA:764,0
DA:766,0
DA:768,0
DA:783,0
DA:784,0
DA:785,0
DA:787,0
DA:788,0
DA:789,0
DA:806,0
DA:808,0
DA:809,0
DA:811,0
DA:812,0
DA:813,0
DA:828,0
DA:832,0
DA:834,0
DA:835,0
DA:840,0
DA:841,0
DA:842,0
DA:843,0
DA:844,0
DA:845,0
DA:847,0
DA:848,0
DA:849,0
DA:851,0
DA:852,0
DA:853,0
DA:854,0
DA:855,0
DA:856,0
DA:857,0
DA:860,0
DA:861,0
DA:862,0
DA:863,0
DA:866,0
DA:869,0
DA:871,0
DA:872,0
DA:873,0
DA:874,0
DA:875,0
DA:877,0
DA:879,0
DA:880,0
DA:881,0
DA:882,0
DA:883,0
DA:884,0
DA:885,0
DA:886,0
DA:888,0
DA:889,0
DA:891,0
DA:892,0
DA:893,0
DA:894,0
DA:895,0
DA:897,0
DA:898,0
DA:899,0
DA:901,0
DA:907,0
DA:908,0
DA:910,0
DA:912,0
DA:913,0
DA:914,0
DA:915,0
DA:917,0
DA:918,0
DA:919,0
DA:920,0
DA:921,0
DA:923,0
DA:924,0
DA:925,0
DA:926,0
DA:927,0
DA:928,0
DA:929,0
DA:930,0
DA:931,0
DA:933,0
DA:935,0
DA:936,0
DA:937,0
DA:938,0
DA:939,0
DA:940,0
DA:942,0
DA:943,0
DA:944,0
DA:945,0
DA:947,0
DA:948,0
DA:950,0
DA:951,0
DA:952,0
DA:953,0
DA:954,0
DA:955,0
DA:956,0
DA:957,0
DA:959,0
DA:961,0
DA:962,0
DA:963,0
DA:969,0
DA:971,0
DA:972,0
DA:973,0
DA:974,0
DA:975,0
DA:976,0
DA:977,0
DA:978,0
DA:979,0
DA:980,0
DA:981,0
DA:982,0
DA:983,0
DA:984,0
DA:985,0
DA:986,0
DA:988,0
DA:989,0
DA:990,0
DA:991,0
DA:993,0
DA:994,0
DA:995,0
DA:996,0
DA:997,0
DA:998,0
DA:999,0
DA:1000,0
DA:1001,0
DA:1002,0
DA:1017,0
DA:1019,0
DA:1020,0
DA:1032,0
DA:1036,0
DA:1038,0
DA:1039,0
DA:1044,0
DA:1045,0
DA:1046,0
DA:1047,0
DA:1049,0
DA:1050,0
DA:1052,0
DA:1053,0
DA:1065,0
DA:1067,0
DA:1068,0
DA:1086,0
DA:1088,0
DA:1092,0
DA:1094,0
DA:1095,0
DA:1098,0
DA:1100,0
DA:1103,0
DA:1104,0
DA:1105,0
DA:1109,0
DA:1112,0
DA:1113,0
DA:1114,0
DA:1116,0
DA:1123,0
DA:1124,0
DA:1125,0
DA:1126,0
DA:1128,0
DA:1129,0
DA:1130,0
DA:1132,0
DA:1133,0
DA:1146,0
DA:1148,0
DA:1152,0
DA:1153,0
DA:1155,0
DA:1157,0
DA:1159,0
DA:1162,0
DA:1163,0
DA:1164,0
DA:1168,0
DA:1171,0
DA:1172,0
DA:1173,0
DA:1180,0
DA:1181,0
DA:1182,0
DA:1183,0
DA:1188,0
DA:1189,0
DA:1191,0
DA:1193,0
DA:1194,0
DA:1209,0
DA:1212,0
DA:1215,0
DA:1216,0
DA:1218,0
DA:1220,0
DA:1223,0
DA:1224,0
DA:1225,0
DA:1229,0
DA:1232,0
DA:1233,0
DA:1234,0
DA:1236,0
DA:1238,0
DA:1244,0
DA:1245,0
DA:1246,0
DA:1247,0
DA:1252,0
DA:1253,0
DA:1255,0
DA:1257,0
DA:1258,0
DA:1273,0
DA:1274,0
end_of_record
TN:
SF:/home/jongmunyang/libxml2_3015a_addDict/libxml2-2.9.4/hash.c
FN:82,xmlHashComputeKey
FNDA:79211,xmlHashComputeKey
FN:112,xmlHashComputeQKey
FNDA:18768,xmlHashComputeQKey
FN:174,xmlHashCreate
FNDA:4979,xmlHashCreate
FN:208,xmlHashCreateDict
FNDA:4978,xmlHashCreateDict
FN:229,xmlHashGrow
FNDA:0,xmlHashGrow
FN:320,xmlHashFree
FNDA:4979,xmlHashFree
FN:375,xmlHashAddEntry
FNDA:1586,xmlHashAddEntry
FN:392,xmlHashAddEntry2
FNDA:4270,xmlHashAddEntry2
FN:411,xmlHashUpdateEntry
FNDA:0,xmlHashUpdateEntry
FN:431,xmlHashUpdateEntry2
FNDA:1555,xmlHashUpdateEntry2
FN:447,xmlHashLookup
FNDA:20818,xmlHashLookup
FN:462,xmlHashLookup2
FNDA:48099,xmlHashLookup2
FN:478,xmlHashQLookup
FNDA:0,xmlHashQLookup
FN:496,xmlHashQLookup2
FNDA:18768,xmlHashQLookup2
FN:517,xmlHashAddEntry3
FNDA:8521,xmlHashAddEntry3
FN:633,xmlHashUpdateEntry3
FNDA:1555,xmlHashUpdateEntry3
FN:755,xmlHashLookup3
FNDA:68917,xmlHashLookup3
FN:799,xmlHashQLookup3
FNDA:18768,xmlHashQLookup3
FN:829,stubHashScannerFull
FNDA:0,stubHashScannerFull
FN:845,xmlHashScan
FNDA:18,xmlHashScan
FN:861,xmlHashScanFull
FNDA:1374,xmlHashScanFull
FN:912,xmlHashScan3
FNDA:0,xmlHashScan3
FN:933,xmlHashScanFull3
FNDA:0,xmlHashScanFull3
FN:975,xmlHashCopy
FNDA:0,xmlHashCopy
FN:1017,xmlHashSize
FNDA:1356,xmlHashSize
FN:1035,xmlHashRemoveEntry
FNDA:0,xmlHashRemoveEntry
FN:1054,xmlHashRemoveEntry2
FNDA:218,xmlHashRemoveEntry2
FN:1074,xmlHashRemoveEntry3
FNDA:218,xmlHashRemoveEntry3
DA:82,79211
DA:84,79211
DA:88,79211
DA:90,79211
DA:91,79211
DA:92,503344
DA:93,424133
DA:96,79211
DA:97,79211
DA:98,612208
DA:99,587636
DA:102,79211
DA:103,79211
DA:104,17241
DA:105,14576
DA:108,79211
DA:112,18768
DA:116,18768
DA:120,18768
DA:122,18768
DA:123,7449
DA:125,11319
DA:127,18768
DA:128,26758
DA:129,19309
DA:131,7449
DA:133,18768
DA:134,54789
DA:135,36021
DA:138,18768
DA:139,18768
DA:140,36456
DA:141,31077
DA:143,5379
DA:145,18768
DA:146,97784
DA:147,79016
DA:150,18768
DA:151,18768
DA:152,0
DA:153,0
DA:155,0
DA:157,18768
DA:158,0
DA:159,0
DA:162,18768
DA:174,4979
DA:177,4979
DA:178,2409
DA:180,4979
DA:181,4979
DA:182,4979
DA:183,4979
DA:184,4979
DA:185,4979
DA:186,4979
DA:187,4979
DA:189,4979
DA:191,4979
DA:193,0
DA:195,0
DA:208,4978
DA:211,4978
DA:212,4978
DA:213,4978
DA:214,4978
DA:216,4978
DA:229,0
DA:238,0
DA:239,0
DA:240,0
DA:241,0
DA:242,0
DA:243,0
DA:245,0
DA:246,0
DA:247,0
DA:248,0
DA:250,0
DA:251,0
DA:252,0
DA:253,0
DA:255,0
DA:256,0
DA:264,0
DA:265,0
DA:266,0
DA:267,0
DA:268,0
DA:269,0
DA:270,0
DA:273,0
DA:274,0
DA:275,0
DA:276,0
DA:282,0
DA:283,0
DA:284,0
DA:285,0
DA:286,0
DA:287,0
DA:289,0
DA:290,0
DA:297,0
DA:301,0
DA:308,0
DA:320,4979
DA:324,4979
DA:327,4979
DA:328,0
DA:329,4979
DA:330,4979
DA:331,367824
DA:332,362845
DA:333,362845
DA:334,355027
DA:335,7818
DA:336,16233
DA:337,8415
DA:338,8415
DA:339,5274
DA:340,8415
DA:341,391
DA:342,391
DA:343,391
DA:344,0
DA:345,391
DA:346,0
DA:348,8415
DA:349,8415
DA:350,597
DA:351,8415
DA:352,8415
DA:353,8415
DA:356,4979
DA:358,4979
DA:359,4598
DA:360,4979
DA:375,1586
DA:376,1586
DA:392,4270
DA:394,4270
DA:411,0
DA:413,0
DA:431,1555
DA:434,1555
DA:447,20818
DA:448,20818
DA:462,48099
DA:464,48099
DA:478,0
DA:480,0
DA:496,18768
DA:499,18768
DA:517,8521
DA:520,8521
DA:524,8521
DA:525,0
DA:530,8521
DA:531,7548
DA:532,658
DA:533,658
DA:534,0
DA:536,7548
DA:537,137
DA:538,137
DA:539,0
DA:541,7548
DA:542,0
DA:543,0
DA:544,0
DA:551,8521
DA:552,8521
DA:553,6697
DA:555,1824
DA:556,1449
DA:557,207
DA:558,215
DA:559,197
DA:560,8
DA:561,8
DA:562,207
DA:564,1234
DA:565,1177
DA:566,644
DA:567,644
DA:569,582
DA:570,0
DA:571,0
DA:572,0
DA:573,0
DA:574,0
DA:575,0
DA:577,1164
DA:578,1164
DA:579,582
DA:580,582
DA:584,7287
DA:585,6697
DA:587,590
DA:588,590
DA:589,0
DA:592,7287
DA:593,6896
DA:594,6896
DA:595,6896
DA:597,391
DA:598,391
DA:599,391
DA:601,7287
DA:602,7287
DA:603,7287
DA:606,7287
DA:607,590
DA:609,7287
DA:611,7287
DA:612,0
DA:614,7287
DA:633,1555
DA:640,1555
DA:641,0
DA:646,1555
DA:647,1555
DA:648,0
DA:649,0
DA:650,0
DA:652,1555
DA:653,0
DA:654,0
DA:655,0
DA:657,1555
DA:658,0
DA:659,0
DA:660,0
DA:667,1555
DA:668,1555
DA:669,1307
DA:671,248
DA:672,258
DA:673,10
DA:674,10
DA:675,0
DA:676,0
DA:677,0
DA:678,0
DA:679,0
DA:680,0
DA:683,248
DA:684,211
DA:685,209
DA:686,209
DA:687,0
DA:688,209
DA:689,209
DA:692,0
DA:693,0
DA:694,0
DA:695,0
DA:696,0
DA:697,0
DA:698,0
DA:699,0
DA:700,0
DA:703,0
DA:704,0
DA:705,0
DA:706,0
DA:707,0
DA:708,0
DA:709,0
DA:714,1346
DA:715,1307
DA:717,39
DA:718,39
DA:719,0
DA:722,1346
DA:723,1346
DA:724,1346
DA:725,1346
DA:727,0
DA:728,0
DA:729,0
DA:731,1346
DA:732,1346
DA:733,1346
DA:734,1346
DA:737,1346
DA:738,39
DA:740,1346
DA:755,68917
DA:760,68917
DA:761,0
DA:762,68917
DA:763,0
DA:764,68917
DA:765,68917
DA:766,48028
DA:767,20889
DA:768,18687
DA:769,14567
DA:770,11448
DA:771,9390
DA:772,9390
DA:775,15684
DA:776,21109
DA:777,16924
DA:778,7736
DA:779,7736
DA:781,3763
DA:799,18768
DA:806,18768
DA:807,0
DA:808,18768
DA:809,0
DA:810,18768
DA:812,18768
DA:813,13647
DA:814,8250
DA:815,7856
DA:816,4727
DA:817,2139
DA:818,2139
DA:820,2982
DA:829,0
DA:832,0
DA:833,0
DA:834,0
DA:845,18
DA:847,18
DA:848,18
DA:849,18
DA:850,18
DA:861,1374
DA:866,1374
DA:867,18
DA:868,1356
DA:869,0
DA:871,1356
DA:872,14916
DA:873,13560
DA:874,10797
DA:875,2763
DA:876,6100
DA:877,3337
DA:878,3337
DA:879,3337
DA:880,3337
DA:881,3337
DA:882,3337
DA:884,218
DA:885,209
DA:886,186
DA:887,209
DA:888,23
DA:890,9
DA:892,3119
DA:912,0
DA:915,0
DA:917,0
DA:933,0
DA:940,0
DA:941,0
DA:942,0
DA:943,0
DA:945,0
DA:946,0
DA:947,0
DA:948,0
DA:949,0
DA:950,0
DA:951,0
DA:952,0
DA:953,0
DA:954,0
DA:955,0
DA:956,0
DA:957,0
DA:959,0
DA:975,0
DA:981,0
DA:982,0
DA:983,0
DA:984,0
DA:986,0
DA:987,0
DA:988,0
DA:990,0
DA:991,0
DA:992,0
DA:993,0
DA:994,0
DA:995,0
DA:996,0
DA:997,0
DA:998,0
DA:999,0
DA:1003,0
DA:1004,0
DA:1017,1356
DA:1018,1356
DA:1019,0
DA:1020,1356
DA:1035,0
DA:1037,0
DA:1054,218
DA:1056,218
DA:1074,218
DA:1078,218
DA:1080,218
DA:1081,0
DA:1083,218
DA:1084,218
DA:1085,0
DA:1087,230
DA:1088,455
DA:1089,443
DA:1090,218
DA:1091,218
DA:1092,0
DA:1093,218
DA:1094,218
DA:1095,0
DA:1096,0
DA:1097,0
DA:1098,0
DA:1099,0
DA:1100,0
DA:1102,218
DA:1103,9
DA:1104,9
DA:1106,209
DA:1107,186
DA:1109,23
DA:1110,23
DA:1111,23
DA:1114,218
DA:1115,218
DA:1117,12
DA:1119,0
end_of_record
TN:
SF:/home/jongmunyang/libxml2_3015a_addDict/libxml2-2.9.4/xinclude.c
FN:108,xmlXIncludeErrMemory
FNDA:0,xmlXIncludeErrMemory
FN:129,xmlXIncludeErr
FNDA:0,xmlXIncludeErr
FN:172,xmlXIncludeGetProp
FNDA:0,xmlXIncludeGetProp
FN:194,xmlXIncludeFreeRef
FNDA:0,xmlXIncludeFreeRef
FN:225,xmlXIncludeNewRef
FNDA:0,xmlXIncludeNewRef
FN:281,xmlXIncludeNewContext
FNDA:336,xmlXIncludeNewContext
FN:315,xmlXIncludeURLPush
FNDA:336,xmlXIncludeURLPush
FN:355,xmlXIncludeURLPop
FNDA:336,xmlXIncludeURLPop
FN:379,xmlXIncludeFreeContext
FNDA:336,xmlXIncludeFreeContext
FN:421,xmlXIncludeParseFile
FNDA:0,xmlXIncludeParseFile
FN:489,xmlXIncludeAddNode
FNDA:0,xmlXIncludeAddNode
FN:664,xmlXIncludeRecurseDoc
FNDA:0,xmlXIncludeRecurseDoc
FN:758,xmlXIncludeAddTxt
FNDA:0,xmlXIncludeAddTxt
FN:818,xmlXIncludeCopyNode
FNDA:0,xmlXIncludeCopyNode
FN:845,xmlXIncludeCopyNodeList
FNDA:0,xmlXIncludeCopyNodeList
FN:877,xmlXIncludeGetNthChild
FNDA:0,xmlXIncludeGetNthChild
FN:910,xmlXIncludeCopyRange
FNDA:0,xmlXIncludeCopyRange
FN:1124,xmlXIncludeCopyXPointer
FNDA:0,xmlXIncludeCopyXPointer
FN:1264,xmlXIncludeMergeEntity
FNDA:0,xmlXIncludeMergeEntity
FN:1341,xmlXIncludeMergeEntities
FNDA:0,xmlXIncludeMergeEntities
FN:1402,xmlXIncludeLoadDoc
FNDA:0,xmlXIncludeLoadDoc
FN:1795,xmlXIncludeLoadTxt
FNDA:0,xmlXIncludeLoadTxt
FN:1961,xmlXIncludeLoadFallback
FNDA:0,xmlXIncludeLoadFallback
FN:2012,xmlXIncludePreProcessNode
FNDA:0,xmlXIncludePreProcessNode
FN:2027,xmlXIncludeLoadNode
FNDA:0,xmlXIncludeLoadNode
FN:2184,xmlXIncludeIncludeNode
FNDA:0,xmlXIncludeIncludeNode
FN:2284,xmlXIncludeTestNode
FNDA:1131,xmlXIncludeTestNode
FN:2362,xmlXIncludeDoProcess
FNDA:336,xmlXIncludeDoProcess
FN:2456,xmlXIncludeSetFlags
FNDA:336,xmlXIncludeSetFlags
FN:2477,xmlXIncludeProcessTreeFlagsData
FNDA:336,xmlXIncludeProcessTreeFlagsData
FN:2512,xmlXIncludeProcessFlagsData
FNDA:336,xmlXIncludeProcessFlagsData
FN:2534,xmlXIncludeProcessFlags
FNDA:336,xmlXIncludeProcessFlags
FN:2548,xmlXIncludeProcess
FNDA:0,xmlXIncludeProcess
FN:2563,xmlXIncludeProcessTreeFlags
FNDA:0,xmlXIncludeProcessTreeFlags
FN:2593,xmlXIncludeProcessTree
FNDA:0,xmlXIncludeProcessTree
FN:2609,xmlXIncludeProcessNode
FNDA:0,xmlXIncludeProcessNode
DA:108,0
DA:111,0
DA:112,0
DA:113,0
DA:117,0
DA:129,0
DA:132,0
DA:133,0
DA:134,0
DA:138,0
DA:172,0
DA:176,0
DA:177,0
DA:178,0
DA:179,0
DA:180,0
DA:181,0
DA:182,0
DA:184,0
DA:185,0
DA:194,0
DA:195,0
DA:196,0
DA:200,0
DA:204,0
DA:206,0
DA:207,0
DA:208,0
DA:209,0
DA:210,0
DA:211,0
DA:212,0
DA:225,0
DA:232,0
DA:233,0
DA:234,0
DA:235,0
DA:237,0
DA:238,0
DA:239,0
DA:241,0
DA:242,0
DA:243,0
DA:244,0
DA:245,0
DA:246,0
DA:247,0
DA:248,0
DA:249,0
DA:250,0
DA:252,0
DA:253,0
DA:254,0
DA:255,0
DA:258,0
DA:259,0
DA:260,0
DA:261,0
DA:262,0
DA:263,0
DA:264,0
DA:265,0
DA:268,0
DA:269,0
DA:281,336
DA:287,336
DA:288,0
DA:289,336
DA:290,336
DA:291,0
DA:293,0
DA:295,336
DA:296,336
DA:297,336
DA:298,336
DA:299,336
DA:300,336
DA:301,336
DA:302,336
DA:315,336
DA:318,336
DA:319,0
DA:321,0
DA:323,336
DA:324,336
DA:325,336
DA:326,672
DA:327,336
DA:328,336
DA:329,0
DA:330,0
DA:333,336
DA:334,0
DA:335,0
DA:336,0
DA:337,0
DA:339,0
DA:340,0
DA:341,0
DA:344,336
DA:345,336
DA:355,336
DA:359,336
DA:360,0
DA:361,336
DA:362,336
DA:363,0
DA:365,336
DA:366,336
DA:367,336
DA:368,336
DA:369,336
DA:379,336
DA:385,336
DA:386,0
DA:387,336
DA:388,0
DA:389,336
DA:390,336
DA:391,336
DA:392,0
DA:393,0
DA:395,336
DA:396,0
DA:397,0
DA:398,0
DA:401,336
DA:402,0
DA:403,336
DA:404,0
DA:405,336
DA:406,0
DA:407,336
DA:408,336
DA:410,336
DA:421,0
DA:426,0
DA:428,0
DA:429,0
DA:430,0
DA:431,0
DA:437,0
DA:443,0
DA:444,0
DA:445,0
DA:446,0
DA:447,0
DA:450,0
DA:452,0
DA:453,0
DA:454,0
DA:455,0
DA:458,0
DA:460,0
DA:461,0
DA:463,0
DA:465,0
DA:467,0
DA:468,0
DA:471,0
DA:472,0
DA:473,0
DA:474,0
DA:476,0
DA:478,0
DA:489,0
DA:493,0
DA:498,0
DA:499,0
DA:502,0
DA:503,0
DA:504,0
DA:505,0
DA:513,0
DA:514,0
DA:515,0
DA:516,0
DA:517,0
DA:519,0
DA:520,0
DA:521,0
DA:522,0
DA:523,0
DA:524,0
DA:525,0
DA:526,0
DA:528,0
DA:530,0
DA:531,0
DA:532,0
DA:533,0
DA:534,0
DA:541,0
DA:542,0
DA:543,0
DA:545,0
DA:547,0
DA:553,0
DA:554,0
DA:555,0
DA:556,0
DA:557,0
DA:558,0
DA:559,0
DA:561,0
DA:562,0
DA:563,0
DA:564,0
DA:565,0
DA:566,0
DA:567,0
DA:568,0
DA:570,0
DA:572,0
DA:577,0
DA:578,0
DA:579,0
DA:581,0
DA:582,0
DA:583,0
DA:584,0
DA:587,0
DA:588,0
DA:589,0
DA:590,0
DA:592,0
DA:595,0
DA:598,0
DA:599,0
DA:600,0
DA:601,0
DA:602,0
DA:604,0
DA:606,0
DA:607,0
DA:608,0
DA:609,0
DA:610,0
DA:612,0
DA:613,0
DA:614,0
DA:620,0
DA:621,0
DA:622,0
DA:625,0
DA:626,0
DA:627,0
DA:633,0
DA:634,0
DA:635,0
DA:636,0
DA:638,0
DA:643,0
DA:644,0
DA:645,0
DA:647,0
DA:648,0
DA:649,0
DA:650,0
DA:651,0
DA:652,0
DA:664,0
DA:684,0
DA:685,0
DA:689,0
DA:693,0
DA:694,0
DA:695,0
DA:697,0
DA:698,0
DA:699,0
DA:700,0
DA:705,0
DA:706,0
DA:707,0
DA:712,0
DA:717,0
DA:718,0
DA:719,0
DA:720,0
DA:727,0
DA:728,0
DA:729,0
DA:730,0
DA:731,0
DA:735,0
DA:736,0
DA:738,0
DA:739,0
DA:740,0
DA:742,0
DA:758,0
DA:762,0
DA:763,0
DA:764,0
DA:766,0
DA:767,0
DA:768,0
DA:770,0
DA:772,0
DA:773,0
DA:774,0
DA:777,0
DA:778,0
DA:779,0
DA:780,0
DA:781,0
DA:782,0
DA:783,0
DA:785,0
DA:786,0
DA:787,0
DA:788,0
DA:789,0
DA:792,0
DA:793,0
DA:794,0
DA:818,0
DA:820,0
DA:822,0
DA:824,0
DA:825,0
DA:826,0
DA:827,0
DA:828,0
DA:830,0
DA:831,0
DA:845,0
DA:847,0
DA:849,0
DA:851,0
DA:852,0
DA:853,0
DA:854,0
DA:855,0
DA:856,0
DA:857,0
DA:859,0
DA:860,0
DA:861,0
DA:864,0
DA:866,0
DA:877,0
DA:879,0
DA:880,0
DA:881,0
DA:882,0
DA:883,0
DA:884,0
DA:885,0
DA:886,0
DA:887,0
DA:888,0
DA:889,0
DA:890,0
DA:893,0
DA:910,0
DA:913,0
DA:918,0
DA:920,0
DA:922,0
DA:923,0
DA:924,0
DA:925,0
DA:927,0
DA:928,0
DA:929,0
DA:930,0
DA:931,0
DA:932,0
DA:933,0
DA:935,0
DA:936,0
DA:937,0
DA:946,0
DA:950,0
DA:951,0
DA:953,0
DA:954,0
DA:955,0
DA:956,0
DA:957,0
DA:959,0
DA:960,0
DA:965,0
DA:966,0
DA:967,0
DA:969,0
DA:970,0
DA:971,0
DA:974,0
DA:975,0
DA:977,0
DA:978,0
DA:979,0
DA:980,0
DA:982,0
DA:984,0
DA:987,0
DA:988,0
DA:990,0
DA:991,0
DA:993,0
DA:994,0
DA:996,0
DA:997,0
DA:999,0
DA:1000,0
DA:1001,0
DA:1002,0
DA:1004,0
DA:1005,0
DA:1007,0
DA:1008,0
DA:1011,0
DA:1013,0
DA:1014,0
DA:1015,0
DA:1017,0
DA:1018,0
DA:1019,0
DA:1021,0
DA:1023,0
DA:1027,0
DA:1029,0
DA:1030,0
DA:1031,0
DA:1032,0
DA:1034,0
DA:1035,0
DA:1037,0
DA:1038,0
DA:1039,0
DA:1041,0
DA:1043,0
DA:1044,0
DA:1050,0
DA:1051,0
DA:1052,0
DA:1053,0
DA:1054,0
DA:1055,0
DA:1056,0
DA:1060,0
DA:1064,0
DA:1065,0
DA:1066,0
DA:1071,0
DA:1072,0
DA:1074,0
DA:1075,0
DA:1078,0
DA:1079,0
DA:1081,0
DA:1082,0
DA:1087,0
DA:1088,0
DA:1090,0
DA:1091,0
DA:1092,0
DA:1094,0
DA:1095,0
DA:1097,0
DA:1103,0
DA:1104,0
DA:1105,0
DA:1107,0
DA:1124,0
DA:1126,0
DA:1129,0
DA:1130,0
DA:1131,0
DA:1133,0
DA:1134,0
DA:1135,0
DA:1136,0
DA:1137,0
DA:1138,0
DA:1139,0
DA:1140,0
DA:1141,0
DA:1142,0
DA:1143,0
DA:1156,0
DA:1157,0
DA:1158,0
DA:1160,0
DA:1161,0
DA:1162,0
DA:1163,0
DA:1170,0
DA:1172,0
DA:1173,0
DA:1175,0
DA:1176,0
DA:1178,0
DA:1179,0
DA:1180,0
DA:1181,0
DA:1183,0
DA:1185,0
DA:1187,0
DA:1196,0
DA:1198,0
DA:1199,0
DA:1200,0
DA:1202,0
DA:1204,0
DA:1205,0
DA:1206,0
DA:1209,0
DA:1212,0
DA:1213,0
DA:1214,0
DA:1215,0
DA:1216,0
DA:1217,0
DA:1218,0
DA:1219,0
DA:1221,0
DA:1223,0
DA:1224,0
DA:1225,0
DA:1226,0
DA:1229,0
DA:1231,0
DA:1232,0
DA:1234,0
DA:1236,0
DA:1237,0
DA:1238,0
DA:1240,0
DA:1264,0
DA:1270,0
DA:1271,0
DA:1272,0
DA:1273,0
DA:1274,0
DA:1275,0
DA:1276,0
DA:1277,0
DA:1280,0
DA:1281,0
DA:1284,0
DA:1286,0
DA:1287,0
DA:1288,0
DA:1289,0
DA:1290,0
DA:1292,0
DA:1293,0
DA:1294,0
DA:1295,0
DA:1297,0
DA:1298,0
DA:1299,0
DA:1300,0
DA:1301,0
DA:1302,0
DA:1303,0
DA:1304,0
DA:1305,0
DA:1306,0
DA:1308,0
DA:1313,0
DA:1314,0
DA:1315,0
DA:1316,0
DA:1321,0
DA:1322,0
DA:1323,0
DA:1325,0
DA:1341,0
DA:1346,0
DA:1347,0
DA:1349,0
DA:1350,0
DA:1352,0
DA:1353,0
DA:1354,0
DA:1355,0
DA:1356,0
DA:1357,0
DA:1358,0
DA:1359,0
DA:1362,0
DA:1363,0
DA:1366,0
DA:1367,0
DA:1369,0
DA:1372,0
DA:1373,0
DA:1376,0
DA:1377,0
DA:1382,0
DA:1383,0
DA:1384,0
DA:1388,0
DA:1402,0
DA:1406,0
DA:1407,0
DA:1418,0
DA:1419,0
DA:1420,0
DA:1423,0
DA:1425,0
DA:1426,0
DA:1427,0
DA:1429,0
DA:1430,0
DA:1431,0
DA:1432,0
DA:1434,0
DA:1435,0
DA:1436,0
DA:1437,0
DA:1438,0
DA:1442,0
DA:1445,0
DA:1446,0
DA:1447,0
DA:1454,0
DA:1455,0
DA:1456,0
DA:1457,0
DA:1463,0
DA:1464,0
DA:1465,0
DA:1466,0
DA:1470,0
DA:1486,0
DA:1487,0
DA:1488,0
DA:1492,0
DA:1494,0
DA:1496,0
DA:1497,0
DA:1498,0
DA:1499,0
DA:1500,0
DA:1502,0
DA:1509,0
DA:1510,0
DA:1511,0
DA:1513,0
DA:1514,0
DA:1515,0
DA:1519,0
DA:1526,0
DA:1541,0
DA:1543,0
DA:1544,0
DA:1548,0
DA:1552,0
DA:1554,0
DA:1555,0
DA:1568,0
DA:1569,0
DA:1572,0
DA:1574,0
DA:1575,0
DA:1578,0
DA:1579,0
DA:1580,0
DA:1582,0
DA:1583,0
DA:1584,0
DA:1588,0
DA:1589,0
DA:1590,0
DA:1591,0
DA:1593,0
DA:1594,0
DA:1601,0
DA:1605,0
DA:1606,0
DA:1607,0
DA:1608,0
DA:1609,0
DA:1610,0
DA:1611,0
DA:1612,0
DA:1613,0
DA:1614,0
DA:1615,0
DA:1620,0
DA:1622,0
DA:1623,0
DA:1624,0
DA:1625,0
DA:1626,0
DA:1627,0
DA:1628,0
DA:1640,0
DA:1642,0
DA:1643,0
DA:1647,0
DA:1648,0
DA:1649,0
DA:1650,0
DA:1654,0
DA:1655,0
DA:1656,0
DA:1665,0
DA:1669,0
DA:1670,0
DA:1671,0
DA:1675,0
DA:1676,0
DA:1677,0
DA:1679,0
DA:1680,0
DA:1681,0
DA:1683,0
DA:1684,0
DA:1691,0
DA:1692,0
DA:1693,0
DA:1702,0
DA:1704,0
DA:1709,0
DA:1710,0
DA:1711,0
DA:1716,0
DA:1717,0
DA:1719,0
DA:1722,0
DA:1723,0
DA:1724,0
DA:1726,0
DA:1727,0
DA:1729,0
DA:1730,0
DA:1737,0
DA:1738,0
DA:1745,0
DA:1748,0
DA:1750,0
DA:1751,0
DA:1752,0
DA:1753,0
DA:1758,0
DA:1759,0
DA:1761,0
DA:1764,0
DA:1767,0
DA:1769,0
DA:1772,0
DA:1773,0
DA:1777,0
DA:1778,0
DA:1780,0
DA:1781,0
DA:1795,0
DA:1801,0
DA:1802,0
DA:1805,0
DA:1810,0
DA:1811,0
DA:1812,0
DA:1814,0
DA:1816,0
DA:1817,0
DA:1819,0
DA:1820,0
DA:1821,0
DA:1823,0
DA:1824,0
DA:1825,0
DA:1826,0
DA:1828,0
DA:1835,0
DA:1836,0
DA:1839,0
DA:1840,0
DA:1846,0
DA:1847,0
DA:1848,0
DA:1849,0
DA:1855,0
DA:1856,0
DA:1858,0
DA:1865,0
DA:1866,0
DA:1867,0
DA:1870,0
DA:1871,0
DA:1872,0
DA:1874,0
DA:1880,0
DA:1881,0
DA:1882,0
DA:1883,0
DA:1884,0
DA:1885,0
DA:1887,0
DA:1888,0
DA:1889,0
DA:1890,0
DA:1891,0
DA:1892,0
DA:1894,0
DA:1895,0
DA:1896,0
DA:1897,0
DA:1902,0
DA:1903,0
DA:1907,0
DA:1908,0
DA:1909,0
DA:1913,0
DA:1914,0
DA:1916,0
DA:1917,0
DA:1918,0
DA:1919,0
DA:1921,0
DA:1924,0
DA:1925,0
DA:1926,0
DA:1929,0
DA:1930,0
DA:1932,0
DA:1934,0
DA:1936,0
DA:1937,0
DA:1938,0
DA:1940,0
DA:1944,0
DA:1945,0
DA:1946,0
DA:1961,0
DA:1963,0
DA:1965,0
DA:1967,0
DA:1968,0
DA:1973,0
DA:1974,0
DA:1975,0
DA:1976,0
DA:1977,0
DA:1978,0
DA:1979,0
DA:1980,0
DA:1981,0
DA:1982,0
DA:1983,0
DA:1984,0
DA:1986,0
DA:1987,0
DA:1989,0
DA:1990,0
DA:1992,0
DA:2012,0
DA:2013,0
DA:2014,0
DA:2027,0
DA:2034,0
DA:2037,0
DA:2038,0
DA:2039,0
DA:2040,0
DA:2041,0
DA:2042,0
DA:2043,0
DA:2048,0
DA:2049,0
DA:2050,0
DA:2051,0
DA:2052,0
DA:2054,0
DA:2055,0
DA:2056,0
DA:2057,0
DA:2058,0
DA:2059,0
DA:2061,0
DA:2064,0
DA:2065,0
DA:2066,0
DA:2067,0
DA:2068,0
DA:2075,0
DA:2076,0
DA:2077,0
DA:2079,0
DA:2081,0
DA:2087,0
DA:2088,0
DA:2089,0
DA:2090,0
DA:2091,0
DA:2092,0
DA:2093,0
DA:2095,0
DA:2096,0
DA:2098,0
DA:2099,0
DA:2100,0
DA:2101,0
DA:2102,0
DA:2103,0
DA:2104,0
DA:2115,0
DA:2116,0
DA:2118,0
DA:2119,0
DA:2122,0
DA:2128,0
DA:2130,0
DA:2139,0
DA:2140,0
DA:2141,0
DA:2142,0
DA:2143,0
DA:2144,0
DA:2145,0
DA:2146,0
DA:2147,0
DA:2148,0
DA:2150,0
DA:2153,0
DA:2154,0
DA:2163,0
DA:2164,0
DA:2165,0
DA:2166,0
DA:2167,0
DA:2168,0
DA:2169,0
DA:2170,0
DA:2171,0
DA:2184,0
DA:2187,0
DA:2188,0
DA:2189,0
DA:2190,0
DA:2191,0
DA:2192,0
DA:2193,0
DA:2198,0
DA:2199,0
DA:2200,0
DA:2201,0
DA:2202,0
DA:2203,0
DA:2204,0
DA:2206,0
DA:2207,0
DA:2212,0
DA:2213,0
DA:2214,0
DA:2216,0
DA:2217,0
DA:2218,0
DA:2219,0
DA:2220,0
DA:2222,0
DA:2223,0
DA:2227,0
DA:2231,0
DA:2235,0
DA:2236,0
DA:2237,0
DA:2239,0
DA:2241,0
DA:2242,0
DA:2248,0
DA:2249,0
DA:2250,0
DA:2251,0
DA:2254,0
DA:2256,0
DA:2257,0
DA:2262,0
DA:2263,0
DA:2264,0
DA:2266,0
DA:2271,0
DA:2284,1131
DA:2285,1131
DA:2286,0
DA:2287,1131
DA:2288,568
DA:2289,563
DA:2290,520
DA:2291,86
DA:2292,43
DA:2293,0
DA:2294,0
DA:2300,0
DA:2303,0
DA:2304,0
DA:2305,0
DA:2307,0
DA:2308,0
DA:2309,0
DA:2310,0
DA:2311,0
DA:2312,0
DA:2313,0
DA:2317,0
DA:2319,0
DA:2320,0
DA:2323,0
DA:2325,0
DA:2326,0
DA:2329,0
DA:2331,0
DA:2333,0
DA:2334,0
DA:2335,0
DA:2336,0
DA:2337,0
DA:2338,0
DA:2339,0
DA:2340,0
DA:2347,43
DA:2362,336
DA:2364,336
DA:2367,336
DA:2368,0
DA:2369,336
DA:2370,0
DA:2372,336
DA:2373,336
DA:2374,336
DA:2375,0
DA:2377,336
DA:2382,336
DA:2383,336
DA:2384,0
DA:2385,1275
DA:2387,1131
DA:2388,319
DA:2389,319
DA:2390,319
DA:2391,319
DA:2392,319
DA:2393,0
DA:2394,812
DA:2395,291
DA:2396,291
DA:2397,0
DA:2399,521
DA:2400,192
DA:2402,463
DA:2403,463
DA:2405,319
DA:2406,185
DA:2407,185
DA:2408,0
DA:2409,185
DA:2411,134
DA:2418,336
DA:2419,0
DA:2420,0
DA:2434,336
DA:2435,0
DA:2436,0
DA:2437,0
DA:2438,0
DA:2441,336
DA:2442,336
DA:2443,336
DA:2456,336
DA:2457,336
DA:2458,0
DA:2459,336
DA:2460,336
DA:2477,336
DA:2479,336
DA:2481,336
DA:2482,336
DA:2483,0
DA:2485,336
DA:2486,336
DA:2487,0
DA:2488,336
DA:2489,336
DA:2490,336
DA:2491,336
DA:2492,336
DA:2493,0
DA:2495,336
DA:2496,336
DA:2512,336
DA:2515,336
DA:2516,0
DA:2517,336
DA:2518,336
DA:2519,0
DA:2520,336
DA:2534,336
DA:2535,336
DA:2548,0
DA:2549,0
DA:2563,0
DA:2565,0
DA:2567,0
DA:2568,0
DA:2569,0
DA:2570,0
DA:2571,0
DA:2572,0
DA:2573,0
DA:2574,0
DA:2575,0
DA:2576,0
DA:2577,0
DA:2579,0
DA:2580,0
DA:2593,0
DA:2594,0
DA:2609,0
DA:2610,0
DA:2612,0
DA:2613,0
DA:2614,0
DA:2615,0
DA:2616,0
DA:2617,0
DA:2618,0
end_of_record
TN:
SF:/home/jongmunyang/libxml2_3015a_addDict/libxml2-2.9.4/tree.c
FN:72,xmlTreeErrMemory
FNDA:0,xmlTreeErrMemory
FN:85,xmlTreeErr
FNDA:0,xmlTreeErr
FN:163,xmlGetEntityFromDtd
FNDA:0,xmlGetEntityFromDtd
FN:184,xmlGetParameterEntityFromDtd
FNDA:0,xmlGetParameterEntityFromDtd
FN:217,xmlBuildQName
FNDA:20414,xmlBuildQName
FN:262,xmlSplitQName2
FNDA:2597,xmlSplitQName2
FN:322,xmlSplitQName3
FNDA:8744,xmlSplitQName3
FN:367,xmlValidateNCName
FNDA:521,xmlValidateNCName
FN:441,xmlValidateQName
FNDA:0,xmlValidateQName
FN:539,xmlValidateName
FNDA:0,xmlValidateName
FN:608,xmlValidateNMToken
FNDA:0,xmlValidateNMToken
FN:686,xmlSetBufferAllocationScheme
FNDA:0,xmlSetBufferAllocationScheme
FN:707,xmlGetBufferAllocationScheme
FNDA:0,xmlGetBufferAllocationScheme
FN:728,xmlNewNs
FNDA:1658,xmlNewNs
FN:801,xmlSetNs
FNDA:0,xmlSetNs
FN:821,xmlFreeNs
FNDA:2084,xmlFreeNs
FN:841,xmlFreeNsList
FNDA:1700,xmlFreeNsList
FN:870,xmlNewDtd
FNDA:661,xmlNewDtd
FN:919,xmlGetIntSubset
FNDA:9480,xmlGetIntSubset
FN:944,xmlCreateIntSubset
FNDA:4572,xmlCreateIntSubset
FN:1098,xmlFreeDtd
FNDA:5233,xmlFreeDtd
FN:1156,xmlNewDoc
FNDA:11769,xmlNewDoc
FN:1203,xmlFreeDoc
FNDA:11769,xmlFreeDoc
FN:1269,xmlStringLenGetNodeList
FNDA:308,xmlStringLenGetNodeList
FN:1477,xmlStringGetNodeList
FNDA:0,xmlStringGetNodeList
FN:1666,xmlNodeListGetString
FNDA:0,xmlNodeListGetString
FN:1756,xmlNodeListGetRawString
FNDA:0,xmlNodeListGetRawString
FN:1827,xmlNewPropInternal
FNDA:1645,xmlNewPropInternal
FN:1929,xmlNewProp
FNDA:0,xmlNewProp
FN:1954,xmlNewNsProp
FNDA:0,xmlNewNsProp
FN:1979,xmlNewNsPropEatName
FNDA:1645,xmlNewNsPropEatName
FN:2003,xmlNewDocProp
FNDA:0,xmlNewDocProp
FN:2057,xmlFreePropList
FNDA:1422,xmlFreePropList
FN:2074,xmlFreeProp
FNDA:1645,xmlFreeProp
FN:2102,xmlRemoveProp
FNDA:0,xmlRemoveProp
FN:2153,xmlNewDocPI
FNDA:428,xmlNewDocPI
FN:2200,xmlNewPI
FNDA:0,xmlNewPI
FN:2215,xmlNewNode
FNDA:0,xmlNewNode
FN:2257,xmlNewNodeEatName
FNDA:19474,xmlNewNodeEatName
FN:2305,xmlNewDocNode
FNDA:0,xmlNewDocNode
FN:2342,xmlNewDocNodeEatName
FNDA:19474,xmlNewDocNodeEatName
FN:2376,xmlNewDocRawNode
FNDA:0,xmlNewDocRawNode
FN:2399,xmlNewDocFragment
FNDA:0,xmlNewDocFragment
FN:2429,xmlNewText
FNDA:308,xmlNewText
FN:2474,xmlNewTextChild
FNDA:0,xmlNewTextChild
FN:2544,xmlNewCharRef
FNDA:0,xmlNewCharRef
FN:2587,xmlNewReference
FNDA:5265,xmlNewReference
FN:2643,xmlNewDocText
FNDA:308,xmlNewDocText
FN:2660,xmlNewTextLen
FNDA:0,xmlNewTextLen
FN:2695,xmlNewDocTextLen
FNDA:0,xmlNewDocTextLen
FN:2711,xmlNewComment
FNDA:145,xmlNewComment
FN:2745,xmlNewCDataBlock
FNDA:0,xmlNewCDataBlock
FN:2778,xmlNewDocComment
FNDA:145,xmlNewDocComment
FN:2794,xmlSetTreeDoc
FNDA:4239,xmlSetTreeDoc
FN:2841,xmlSetListDoc
FNDA:0,xmlSetListDoc
FN:2873,xmlNewChild
FNDA:0,xmlNewChild
FN:2948,xmlAddPropSibling
FNDA:0,xmlAddPropSibling
FN:3000,xmlAddNextSibling
FNDA:0,xmlAddNextSibling
FN:3078,xmlAddPrevSibling
FNDA:0,xmlAddPrevSibling
FN:3154,xmlAddSibling
FNDA:0,xmlAddSibling
FN:3230,xmlAddChildList
FNDA:0,xmlAddChildList
FN:3316,xmlAddChild
FNDA:29551,xmlAddChild
FN:3440,xmlGetLastChild
FNDA:0,xmlGetLastChild
FN:3469,xmlChildElementCount
FNDA:0,xmlChildElementCount
FN:3506,xmlFirstElementChild
FNDA:0,xmlFirstElementChild
FN:3542,xmlLastElementChild
FNDA:0,xmlLastElementChild
FN:3579,xmlPreviousElementSibling
FNDA:0,xmlPreviousElementSibling
FN:3618,xmlNextElementSibling
FNDA:0,xmlNextElementSibling
FN:3655,xmlFreeNodeList
FNDA:23796,xmlFreeNodeList
FN:3725,xmlFreeNode
FNDA:2857,xmlFreeNode
FN:3800,xmlUnlinkNode
FNDA:8911,xmlUnlinkNode
FN:3876,xmlReplaceNode
FNDA:0,xmlReplaceNode
FN:3948,xmlCopyNamespace
FNDA:0,xmlCopyNamespace
FN:3975,xmlCopyNamespaceList
FNDA:0,xmlCopyNamespaceList
FN:3996,xmlCopyPropInternal
FNDA:0,xmlCopyPropInternal
FN:4103,xmlCopyProp
FNDA:0,xmlCopyProp
FN:4117,xmlCopyPropList
FNDA:0,xmlCopyPropList
FN:4159,xmlStaticCopyNode
FNDA:0,xmlStaticCopyNode
FN:4312,xmlStaticCopyNodeList
[...]
DA:14192,0
DA:14193,0
DA:14197,0
DA:14198,0
DA:14199,0
DA:14201,0
DA:14202,0
DA:14203,0
DA:14204,0
DA:14206,0
DA:14207,0
DA:14208,0
DA:14210,0
DA:14211,0
DA:14212,0
DA:14214,0
DA:14215,0
DA:14216,0
DA:14217,0
DA:14218,0
DA:14222,0
DA:14223,0
DA:14224,0
DA:14226,0
DA:14227,0
DA:14228,0
DA:14229,0
DA:14232,0
DA:14235,0
DA:14236,0
DA:14237,0
DA:14246,0
DA:14248,0
DA:14250,0
DA:14251,0
DA:14254,0
DA:14265,0
DA:14272,0
DA:14273,0
DA:14275,0
DA:14277,0
DA:14278,0
DA:14279,0
DA:14280,0
DA:14281,0
DA:14282,0
DA:14283,0
DA:14284,0
DA:14285,0
DA:14286,0
DA:14287,0
DA:14288,0
DA:14289,0
DA:14294,0
DA:14295,0
DA:14296,0
DA:14297,0
DA:14298,0
DA:14299,0
DA:14305,0
DA:14306,0
DA:14308,0
DA:14309,0
DA:14310,0
DA:14311,0
DA:14314,0
DA:14315,0
DA:14316,0
DA:14319,0
DA:14320,0
DA:14323,0
DA:14324,0
DA:14325,0
DA:14326,0
DA:14327,0
DA:14334,0
DA:14335,0
DA:14336,0
DA:14352,0
DA:14354,0
DA:14356,0
DA:14357,0
DA:14360,0
DA:14361,0
DA:14365,0
DA:14368,0
DA:14370,0
DA:14371,0
DA:14372,0
DA:14373,0
DA:14374,0
DA:14375,0
DA:14376,0
DA:14379,0
DA:14380,0
DA:14381,0
DA:14383,0
DA:14385,0
DA:14386,0
DA:14391,0
DA:14392,0
DA:14393,0
DA:14394,0
DA:14395,0
DA:14397,0
DA:14399,0
DA:14401,0
DA:14402,0
DA:14403,0
DA:14404,0
DA:14406,0
DA:14407,0
DA:14410,0
DA:14411,0
DA:14412,0
DA:14413,0
DA:14414,0
DA:14415,0
DA:14416,0
DA:14420,0
DA:14423,0
DA:14424,0
DA:14425,0
DA:14429,0
DA:14430,0
DA:14431,0
DA:14435,0
DA:14436,0
DA:14440,0
DA:14441,0
DA:14443,0
DA:14444,0
DA:14445,0
DA:14446,0
DA:14447,0
DA:14451,0
DA:14452,0
DA:14453,0
DA:14454,0
DA:14455,0
DA:14456,0
DA:14457,0
DA:14458,0
DA:14459,0
DA:14460,0
DA:14461,0
DA:14463,0
DA:14465,0
DA:14466,0
DA:14467,0
DA:14469,0
DA:14471,0
DA:14473,0
DA:14480,0
DA:14481,0
DA:14482,0
DA:14484,0
DA:14485,0
DA:14486,0
DA:14487,0
DA:14499,0
DA:14503,0
DA:14504,0
DA:14506,0
DA:14508,0
DA:14509,0
DA:14510,0
DA:14511,0
DA:14512,0
DA:14514,0
DA:14515,0
DA:14516,0
DA:14517,0
DA:14520,0
DA:14523,0
DA:14527,0
DA:14528,0
DA:14529,0
DA:14530,0
DA:14532,0
DA:14537,0
DA:14538,0
DA:14540,0
DA:14541,0
DA:14542,0
DA:14544,0
DA:14545,0
DA:14553,0
DA:14554,0
DA:14555,0
DA:14557,0
DA:14559,0
DA:14560,0
DA:14561,0
DA:14563,0
DA:14565,0
DA:14591,0
DA:14592,0
DA:14593,0
DA:14594,0
DA:14595,0
DA:14596,0
DA:14597,0
DA:14598,0
DA:14600,0
DA:14601,0
DA:14602,0
DA:14603,0
DA:14604,0
DA:14605,0
DA:14606,0
DA:14607,0
DA:14609,0
DA:14629,0
DA:14631,0
DA:14632,0
DA:14633,0
DA:14634,0
DA:14635,0
DA:14640,0
DA:14642,0
DA:14644,0
DA:14645,0
DA:14646,0
DA:14647,0
DA:14648,0
DA:14650,0
DA:14651,0
DA:14652,0
DA:14653,0
DA:14654,0
DA:14657,0
DA:14658,0
DA:14660,0
DA:14674,0
DA:14681,0
DA:14682,0
DA:14686,0
DA:14687,0
DA:14699,0
DA:14700,0
DA:14701,0
DA:14702,0
DA:14704,0
DA:14705,0
DA:14706,0
DA:14707,0
DA:14708,0
DA:14709,0
DA:14710,0
DA:14712,0
DA:14713,0
DA:14714,0
DA:14715,0
DA:14717,0
DA:14718,0
DA:14722,0
DA:14724,0
DA:14725,0
DA:14727,0
DA:14728,0
DA:14729,0
DA:14730,0
DA:14731,0
DA:14733,0
DA:14734,0
DA:14735,0
DA:14736,0
DA:14737,0
DA:14739,0
DA:14741,0
DA:14746,0
DA:14753,0
DA:14754,0
DA:14755,0
DA:14757,0
DA:14759,0
DA:14760,0
DA:14761,0
DA:14762,0
DA:14763,0
DA:14764,0
DA:14771,0
DA:14772,0
DA:14779,0
DA:14780,0
DA:14781,0
DA:14782,0
DA:14789,0
DA:14790,0
DA:14791,0
DA:14792,0
DA:14793,0
DA:14795,0
DA:14799,0
DA:14800,0
DA:14803,0
DA:14804,0
DA:14805,0
DA:14806,0
DA:14820,0
DA:14825,0
DA:14826,0
DA:14827,0
DA:14830,0
DA:14832,0
DA:14833,0
DA:14834,0
DA:14835,0
DA:14837,0
DA:14839,0
DA:14840,0
DA:14843,0
DA:14850,0
DA:14851,0
DA:14853,0
DA:14854,0
DA:14856,0
DA:14858,0
DA:14859,0
DA:14864,0
DA:14865,0
DA:14868,0
DA:14881,0
DA:14882,0
DA:14899,0
DA:14910,0
DA:14912,0
DA:14913,0
DA:14914,0
DA:14929,0
DA:14930,0
DA:14932,0
DA:14933,0
DA:14934,0
DA:14936,0
DA:14938,0
DA:14945,0
DA:14947,0
DA:14950,0
DA:14951,0
DA:14952,0
DA:14953,0
DA:14955,0
DA:14956,0
DA:14957,0
DA:14959,0
DA:14965,0
DA:14966,0
DA:14967,0
DA:14969,0
DA:14970,0
DA:14975,0
DA:14989,0
DA:14991,0
DA:14993,0
DA:14994,0
DA:15009,0
DA:15012,0
DA:15023,0
DA:15028,0
DA:15031,0
DA:15032,0
DA:15033,0
DA:15034,0
DA:15035,0
DA:15036,0
DA:15037,0
DA:15041,0
DA:15042,0
DA:15043,0
DA:15044,0
DA:15045,0
DA:15047,0
DA:15048,0
DA:15051,0
DA:15052,0
DA:15066,0
DA:15068,0
DA:15069,0
DA:15071,0
DA:15073,0
DA:15075,0
DA:15076,0
DA:15077,0
DA:15078,0
DA:15080,0
DA:15081,0
DA:15083,0
DA:15084,0
DA:15086,0
DA:15089,0
DA:15090,0
DA:15092,0
DA:15096,0
DA:15097,0
DA:15098,0
DA:15099,0
DA:15100,0
DA:15102,0
DA:15103,0
DA:15104,0
DA:15108,0
DA:15109,0
DA:15110,0
DA:15113,0
DA:15114,0
DA:15128,0
DA:15129,0
DA:15130,0
DA:15132,0
DA:15133,0
DA:15134,0
DA:15136,0
DA:15152,0
DA:15153,0
DA:15154,0
DA:15155,0
DA:15156,0
DA:15157,0
DA:15171,0
DA:15174,0
DA:15176,0
DA:15178,0
DA:15180,0
DA:15181,0
DA:15182,0
DA:15183,0
DA:15185,0
DA:15186,0
DA:15187,0
DA:15189,0
DA:15192,0
DA:15193,0
DA:15194,0
DA:15195,0
DA:15197,0
DA:15198,0
DA:15199,0
DA:15203,0
DA:15204,0
DA:15261,0
DA:15268,0
DA:15270,0
DA:15272,0
DA:15273,0
DA:15275,0
DA:15277,0
DA:15278,0
DA:15280,0
DA:15281,0
DA:15282,0
DA:15283,0
DA:15284,0
DA:15285,0
DA:15286,0
DA:15287,0
DA:15288,0
DA:15289,0
DA:15290,0
DA:15291,0
DA:15292,0
DA:15293,0
DA:15294,0
DA:15295,0
DA:15296,0
DA:15297,0
DA:15298,0
DA:15299,0
DA:15300,0
DA:15302,0
DA:15303,0
DA:15305,0
DA:15306,0
DA:15307,0
DA:15309,0
DA:15311,0
DA:15315,0
DA:15316,0
DA:15317,0
DA:15318,0
DA:15328,0
DA:15330,0
DA:15332,0
DA:15334,0
DA:15336,0
DA:15338,0
DA:15340,0
DA:15342,0
DA:15344,0
DA:15346,0
DA:15348,0
DA:15350,0
DA:15352,0
DA:15354,0
DA:15356,0
DA:15358,0
DA:15360,0
DA:15362,0
DA:15364,0
DA:15366,0
DA:15368,0
DA:15370,0
DA:15372,0
DA:15374,0
DA:15376,0
DA:15378,0
DA:15380,0
DA:15382,0
DA:15385,0
DA:15388,0
end_of_record
SF:/home/jongmunyang/libxml2_3015a_addDict/libxml2-2.9.4/timsort.h
FN:78,compute_minrun
FNDA:0,compute_minrun
FN:131,libxml_domnode_binary_insertion_find
FNDA:0,libxml_domnode_binary_insertion_find
FN:180,libxml_domnode_binary_insertion_sort_start
FNDA:0,libxml_domnode_binary_insertion_sort_start
FN:203,libxml_domnode_binary_insertion_sort
FNDA:0,libxml_domnode_binary_insertion_sort
FN:210,libxml_domnode_reverse_elements
FNDA:0,libxml_domnode_reverse_elements
FN:221,libxml_domnode_count_run
FNDA:0,libxml_domnode_count_run
FN:295,libxml_domnode_check_invariant
FNDA:0,libxml_domnode_check_invariant
FN:319,libxml_domnode_tim_sort_resize
FNDA:0,libxml_domnode_tim_sort_resize
FN:334,libxml_domnode_tim_sort_merge
FNDA:0,libxml_domnode_tim_sort_merge
FN:393,libxml_domnode_tim_sort_collapse
FNDA:0,libxml_domnode_tim_sort_collapse
FN:458,libxml_domnode_tim_sort
FNDA:0,libxml_domnode_tim_sort
DA:78,0
DA:80,0
DA:81,0
DA:82,0
DA:83,0
DA:84,0
DA:85,0
DA:131,0
DA:136,0
DA:137,0
DA:138,0
DA:139,0
DA:142,0
DA:143,0
DA:144,0
DA:146,0
DA:147,0
DA:148,0
DA:151,0
DA:153,0
DA:154,0
DA:155,0
DA:157,0
DA:158,0
DA:160,0
DA:162,0
DA:163,0
DA:164,0
DA:170,0
DA:171,0
DA:172,0
DA:174,0
DA:175,0
DA:180,0
DA:183,0
DA:189,0
DA:192,0
DA:193,0
DA:194,0
DA:196,0
DA:198,0
DA:200,0
DA:203,0
DA:205,0
DA:206,0
DA:210,0
DA:214,0
DA:215,0
DA:216,0
DA:217,0
DA:221,0
DA:224,0
DA:225,0
DA:227,0
DA:228,0
DA:229,0
DA:232,0
DA:234,0
DA:239,0
DA:240,0
DA:241,0
DA:243,0
DA:250,0
DA:251,0
DA:252,0
DA:255,0
DA:256,0
DA:295,0
DA:298,0
DA:299,0
DA:301,0
DA:302,0
DA:303,0
DA:304,0
DA:306,0
DA:307,0
DA:308,0
DA:309,0
DA:310,0
DA:319,0
DA:321,0
DA:323,0
DA:324,0
DA:326,0
DA:327,0
DA:329,0
DA:330,0
DA:332,0
DA:334,0
DA:336,0
DA:337,0
DA:338,0
DA:342,0
DA:343,0
DA:346,0
DA:348,0
DA:349,0
DA:350,0
DA:352,0
DA:354,0
DA:356,0
DA:357,0
DA:359,0
DA:361,0
DA:363,0
DA:366,0
DA:372,0
DA:373,0
DA:374,0
DA:376,0
DA:378,0
DA:380,0
DA:381,0
DA:383,0
DA:385,0
DA:386,0
DA:388,0
DA:391,0
DA:393,0
DA:395,0
DA:400,0
DA:401,0
DA:405,0
DA:406,0
DA:407,0
DA:408,0
DA:409,0
DA:412,0
DA:413,0
DA:414,0
DA:415,0
DA:416,0
DA:417,0
DA:418,0
DA:421,0
DA:422,0
DA:423,0
DA:425,0
DA:426,0
DA:427,0
DA:429,0
DA:432,0
DA:433,0
DA:434,0
DA:437,0
DA:438,0
DA:442,0
DA:443,0
DA:444,0
DA:445,0
DA:446,0
DA:449,0
DA:450,0
DA:451,0
DA:455,0
DA:458,0
DA:463,0
DA:465,0
DA:467,0
DA:469,0
DA:470,0
DA:474,0
DA:477,0
DA:478,0
DA:479,0
DA:481,0
DA:482,0
DA:483,0
DA:487,0
DA:489,0
DA:490,0
DA:492,0
end_of_record
SF:/home/jongmunyang/libxml2_3015a_addDict/libxml2-2.9.4/trionan.c
FN:177,trio_make_double
FNDA:1,trio_make_double
FN:194,trio_is_special_quantity
FNDA:0,trio_is_special_quantity
FN:218,trio_is_negative
FNDA:0,trio_is_negative
FN:241,trio_nzero
FNDA:1,trio_nzero
FN:258,trio_pinf
FNDA:2,trio_pinf
FN:302,trio_ninf
FNDA:1,trio_ninf
FN:323,trio_nan
FNDA:1,trio_nan
FN:371,trio_isnan
FNDA:0,trio_isnan
FN:442,trio_isinf
FNDA:0,trio_isinf
FN:560,trio_fpclassify_and_signbit
FNDA:0,trio_fpclassify_and_signbit
FN:732,trio_signbit
FNDA:0,trio_signbit
DA:177,1
DA:184,9
DA:185,8
DA:187,1
DA:194,0
DA:201,0
DA:203,0
DA:205,0
DA:206,0
DA:208,0
DA:209,0
DA:211,0
DA:218,0
DA:223,0
DA:225,0
DA:226,0
DA:227,0
DA:229,0
DA:241,1
DA:244,1
DA:258,2
DA:263,2
DA:266,1
DA:293,2
DA:302,1
DA:306,1
DA:312,1
DA:314,1
DA:323,1
DA:328,1
DA:331,1
DA:361,1
DA:371,0
DA:383,0
DA:442,0
DA:459,0
DA:460,0
DA:461,0
DA:560,0
DA:569,0
DA:570,0
DA:571,0
DA:572,0
DA:573,0
DA:574,0
DA:575,0
DA:576,0
DA:577,0
DA:578,0
DA:579,0
DA:580,0
DA:732,0
DA:738,0
DA:739,0
end_of_record
TN:
SF:/home/jongmunyang/libxml2_3015a_addDict/libxml2-2.9.4/dict.c
FN:159,xmlInitializeDict
FNDA:1,xmlInitializeDict
FN:175,__xmlInitializeDict
FNDA:1,__xmlInitializeDict
FN:197,__xmlRandom
FNDA:17073,__xmlRandom
FN:221,xmlDictCleanup
FNDA:1,xmlDictCleanup
FN:241,xmlDictAddString
FNDA:119250,xmlDictAddString
FN:305,xmlDictAddQString
FNDA:2742,xmlDictAddQString
FN:375,xmlDictComputeBigKey
FNDA:116905,xmlDictComputeBigKey
FN:407,xmlDictComputeBigQKey
FNDA:1643,xmlDictComputeBigQKey
FN:444,xmlDictComputeFastKey
FNDA:468352,xmlDictComputeFastKey
FN:478,xmlDictComputeFastQKey
FNDA:6459,xmlDictComputeFastQKey
FN:539,xmlDictCreate
FNDA:12094,xmlDictCreate
FN:586,xmlDictCreateSub
FNDA:0,xmlDictCreateSub
FN:609,xmlDictReference
FNDA:16367,xmlDictReference
FN:631,xmlDictGrow
FNDA:520,xmlDictGrow
FN:764,xmlDictFree
FNDA:28081,xmlDictFree
FN:829,xmlDictLookup
FNDA:574466,xmlDictLookup
FN:969,xmlDictExists
FNDA:0,xmlDictExists
FN:1077,xmlDictQLookup
FNDA:8102,xmlDictQLookup
FN:1182,xmlDictOwns
FNDA:92089,xmlDictOwns
FN:1208,xmlDictSize
FNDA:0,xmlDictSize
FN:1227,xmlDictSetLimit
FNDA:12094,xmlDictSetLimit
FN:1247,xmlDictGetUsage
FNDA:0,xmlDictGetUsage
DA:159,1
DA:160,1
DA:175,1
DA:176,1
DA:177,0
DA:179,1
DA:180,0
DA:181,1
DA:185,1
DA:186,1
DA:191,1
DA:192,1
DA:193,1
DA:197,17073
DA:200,17073
DA:201,0
DA:203,17073
DA:205,17073
DA:209,17073
DA:210,17073
DA:221,1
DA:222,1
DA:223,0
DA:225,1
DA:227,1
DA:241,119250
DA:244,119250
DA:245,119250
DA:250,119250
DA:251,119770
DA:252,107342
DA:253,106822
DA:254,520
DA:255,520
DA:256,520
DA:261,12428
DA:262,12428
DA:263,0
DA:266,12428
DA:267,334
DA:268,12428
DA:269,166
DA:270,12428
DA:271,12428
DA:272,0
DA:273,12428
DA:274,12428
DA:275,12428
DA:276,12428
DA:277,12428
DA:278,12428
DA:283,0
DA:284,119250
DA:285,119250
DA:286,119250
DA:287,119250
DA:288,119250
DA:289,119250
DA:305,2742
DA:310,2742
DA:311,2742
DA:313,2742
DA:318,2742
DA:319,2782
DA:320,2769
DA:321,2729
DA:322,40
DA:323,40
DA:324,40
DA:329,13
DA:330,13
DA:331,0
DA:334,13
DA:335,13
DA:336,13
DA:337,0
DA:338,13
DA:339,13
DA:340,0
DA:341,13
DA:342,13
DA:343,13
DA:344,13
DA:345,13
DA:346,13
DA:351,0
DA:352,2742
DA:353,2742
DA:354,2742
DA:355,2742
DA:356,2742
DA:357,2742
DA:358,2742
DA:359,2742
DA:360,2742
DA:375,116905
DA:379,116905
DA:381,116332
DA:383,1118090
DA:384,1001760
DA:385,1001760
DA:386,1001760
DA:388,116332
DA:389,116332
DA:390,116332
DA:392,116332
DA:407,1643
DA:413,1643
DA:415,8070
DA:416,6427
DA:417,6427
DA:418,6427
DA:420,1643
DA:421,1643
DA:422,1643
DA:424,22242
DA:425,20599
DA:426,20599
DA:427,20599
DA:429,1643
DA:430,1643
DA:431,1643
DA:433,1643
DA:444,468352
DA:445,468352
DA:447,468352
DA:448,468352
DA:449,468352
DA:450,468352
DA:451,41554
DA:452,41554
DA:454,468352
DA:455,49318
DA:456,54082
DA:457,60986
DA:458,67732
DA:459,77494
DA:460,143443
DA:461,161569
DA:462,228674
DA:463,294328
DA:464,468352
DA:466,468352
DA:478,6459
DA:481,6459
DA:483,6459
DA:484,0
DA:486,6459
DA:488,6459
DA:489,103
DA:490,103
DA:491,7
DA:492,103
DA:493,103
DA:494,103
DA:495,22
DA:497,6459
DA:498,74
DA:499,101
DA:500,1006
DA:501,1056
DA:502,1507
DA:503,2183
DA:504,2230
DA:505,4903
DA:506,5340
DA:507,6408
DA:508,6459
DA:510,6459
DA:511,6459
DA:512,781
DA:513,781
DA:515,6459
DA:516,0
DA:517,0
DA:518,50
DA:519,89
DA:520,161
DA:521,413
DA:522,554
DA:523,593
DA:524,661
DA:525,728
DA:526,6459
DA:528,6459
DA:539,12094
DA:542,12094
DA:543,1
DA:544,0
DA:550,12094
DA:551,12094
DA:552,12094
DA:553,12094
DA:555,12094
DA:556,12094
DA:557,12094
DA:558,12094
DA:559,12094
DA:560,12094
DA:561,12094
DA:563,12094
DA:567,12094
DA:569,0
DA:571,0
DA:586,0
DA:587,0
DA:589,0
DA:593,0
DA:594,0
DA:595,0
DA:597,0
DA:609,16367
DA:610,16367
DA:611,0
DA:612,0
DA:614,16367
DA:615,15987
DA:616,15987
DA:617,15987
DA:618,15987
DA:631,520
DA:639,520
DA:640,520
DA:642,520
DA:643,0
DA:644,520
DA:645,0
DA:646,520
DA:647,0
DA:653,520
DA:654,520
DA:655,520
DA:656,0
DA:657,520
DA:658,520
DA:660,520
DA:661,520
DA:662,0
DA:663,0
DA:665,520
DA:666,520
DA:674,67080
DA:675,66560
DA:676,58841
DA:678,7719
DA:679,0
DA:681,7719
DA:682,7719
DA:684,7719
DA:685,7596
DA:686,7596
DA:687,7596
DA:691,123
DA:692,123
DA:693,123
DA:694,123
DA:695,123
DA:696,123
DA:697,123
DA:698,123
DA:704,0
DA:712,67080
DA:713,66560
DA:714,71654
DA:715,5094
DA:721,5094
DA:722,0
DA:724,5094
DA:725,5094
DA:726,5094
DA:727,4933
DA:728,4933
DA:729,4933
DA:730,4933
DA:731,4933
DA:733,161
DA:734,161
DA:735,161
DA:742,5094
DA:746,520
DA:753,520
DA:764,28081
DA:768,28081
DA:771,28081
DA:772,0
DA:774,28081
DA:775,0
DA:776,0
DA:779,28081
DA:780,28081
DA:781,28081
DA:782,15987
DA:783,15987
DA:786,12094
DA:788,12094
DA:789,0
DA:792,12094
DA:793,1567330
DA:794,1555240
DA:795,1555240
DA:796,1458680
DA:797,96562
DA:798,218554
DA:799,121992
DA:800,121992
DA:801,25430
DA:802,121992
DA:803,121992
DA:804,121992
DA:807,12094
DA:809,12094
DA:810,24535
DA:811,12441
DA:812,12441
DA:813,12441
DA:815,12094
DA:829,574466
DA:830,574466
DA:836,574466
DA:837,2022
DA:839,572444
DA:840,37588
DA:842,534856
DA:844,572444
DA:846,0
DA:851,572444
DA:852,572444
DA:853,572444
DA:854,89942
DA:856,649508
DA:857,167006
DA:859,328565
DA:860,163202
DA:861,161559
DA:868,167006
DA:871,320943
DA:872,291971
DA:873,291635
DA:882,119250
DA:886,0
DA:887,0
DA:888,0
DA:889,0
DA:890,0
DA:892,0
DA:894,0
DA:895,0
DA:898,0
DA:899,0
DA:901,0
DA:902,0
DA:903,0
DA:910,0
DA:913,0
DA:914,0
DA:915,0
DA:923,0
DA:926,119250
DA:927,119250
DA:928,0
DA:929,119250
DA:930,89942
DA:932,29308
DA:933,29308
DA:934,0
DA:936,119250
DA:937,119250
DA:938,119250
DA:939,119250
DA:940,119250
DA:943,119250
DA:944,29308
DA:946,119250
DA:948,119250
DA:949,447
DA:950,447
DA:951,0
DA:955,119250
DA:969,0
DA:970,0
DA:974,0
DA:975,0
DA:977,0
DA:978,0
DA:980,0
DA:981,0
DA:983,0
DA:988,0
DA:989,0
DA:990,0
DA:991,0
DA:993,0
DA:994,0
DA:996,0
DA:997,0
DA:998,0
DA:1005,0
DA:1008,0
DA:1009,0
DA:1010,0
DA:1019,0
DA:1023,0
DA:1024,0
DA:1025,0
DA:1026,0
DA:1027,0
DA:1029,0
DA:1031,0
DA:1032,0
DA:1035,0
DA:1036,0
DA:1038,0
DA:1039,0
DA:1040,0
DA:1047,0
DA:1050,0
DA:1051,0
DA:1052,0
DA:1063,0
DA:1077,8102
DA:1078,8102
DA:1084,8102
DA:1085,0
DA:1086,8102
DA:1087,0
DA:1089,8102
DA:1090,8102
DA:1091,8102
DA:1096,8102
DA:1097,8102
DA:1098,8102
DA:1099,1810
DA:1101,9005
DA:1102,2713
DA:1103,7000
DA:1104,2796
DA:1105,1491
DA:1106,2713
DA:1108,9083
DA:1109,4282
DA:1110,3869
DA:1113,2742
DA:1117,0
DA:1118,0
DA:1119,0
DA:1120,0
DA:1121,0
DA:1123,0
DA:1125,0
DA:1126,0
DA:1128,0
DA:1129,0
DA:1130,0
DA:1131,0
DA:1132,0
DA:1133,0
DA:1135,0
DA:1136,0
DA:1137,0
DA:1139,0
DA:1142,2742
DA:1143,2742
DA:1144,0
DA:1145,2742
DA:1146,1810
DA:1148,932
DA:1149,932
DA:1150,0
DA:1152,2742
DA:1153,2742
DA:1154,2742
DA:1155,2742
DA:1156,2742
DA:1158,2742
DA:1159,932
DA:1161,2742
DA:1163,2742
DA:1164,73
DA:1165,73
DA:1168,2742
DA:1182,92089
DA:1185,92089
DA:1186,0
DA:1187,92089
DA:1188,141352
DA:1189,97036
DA:1190,47773
DA:1191,49263
DA:1193,44316
DA:1194,0
DA:1195,44316
DA:1208,0
DA:1209,0
DA:1210,0
DA:1211,0
DA:1212,0
DA:1213,0
DA:1227,12094
DA:1230,12094
DA:1231,0
DA:1232,12094
DA:1233,12094
DA:1234,12094
DA:1247,0
DA:1249,0
DA:1251,0
DA:1252,0
DA:1253,0
DA:1254,0
DA:1255,0
DA:1256,0
DA:1258,0
end_of_record
TN:
SF:/home/jongmunyang/libxml2_3015a_addDict/libxml2-2.9.4/list.c
FN:59,xmlLinkDeallocator
FNDA:0,xmlLinkDeallocator
FN:79,xmlLinkCompare
FNDA:0,xmlLinkCompare
FN:98,xmlListLowerSearch
FNDA:0,xmlListLowerSearch
FN:118,xmlListHigherSearch
FNDA:0,xmlListHigherSearch
FN:138,xmlListLinkSearch
FNDA:0,xmlListLinkSearch
FN:163,xmlListLinkReverseSearch
FNDA:0,xmlListLinkReverseSearch
FN:188,xmlListCreate
FNDA:0,xmlListCreate
FN:231,xmlListSearch
FNDA:0,xmlListSearch
FN:252,xmlListReverseSearch
FNDA:0,xmlListReverseSearch
FN:273,xmlListInsert
FNDA:0,xmlListInsert
FN:305,xmlListAppend
FNDA:0,xmlListAppend
FN:333,xmlListDelete
FNDA:0,xmlListDelete
FN:353,xmlListRemoveFirst
FNDA:0,xmlListRemoveFirst
FN:378,xmlListRemoveLast
FNDA:0,xmlListRemoveLast
FN:403,xmlListRemoveAll
FNDA:0,xmlListRemoveAll
FN:422,xmlListClear
FNDA:0,xmlListClear
FN:446,xmlListEmpty
FNDA:0,xmlListEmpty
FN:462,xmlListFront
FNDA:0,xmlListFront
FN:478,xmlListEnd
FNDA:0,xmlListEnd
FN:494,xmlListSize
FNDA:0,xmlListSize
FN:513,xmlListPopFront
FNDA:0,xmlListPopFront
FN:526,xmlListPopBack
FNDA:0,xmlListPopBack
FN:542,xmlListPushFront
FNDA:0,xmlListPushFront
FN:574,xmlListPushBack
FNDA:0,xmlListPushBack
FN:604,xmlLinkGetData
FNDA:0,xmlLinkGetData
FN:618,xmlListReverse
FNDA:0,xmlListReverse
FN:643,xmlListSort
FNDA:0,xmlListSort
FN:676,xmlListWalk
FNDA:0,xmlListWalk
FN:697,xmlListReverseWalk
FNDA:0,xmlListReverseWalk
FN:717,xmlListMerge
FNDA:0,xmlListMerge
FN:732,xmlListDup
FNDA:0,xmlListDup
FN:761,xmlListCopy
FNDA:0,xmlListCopy
DA:59,0
DA:61,0
DA:62,0
DA:63,0
DA:64,0
DA:65,0
DA:66,0
DA:79,0
DA:81,0
DA:82,0
DA:83,0
DA:84,0
DA:85,0
DA:98,0
DA:102,0
DA:103,0
DA:104,0
DA:105,0
DA:118,0
DA:122,0
DA:123,0
DA:124,0
DA:125,0
DA:138,0
DA:141,0
DA:142,0
DA:143,0
DA:144,0
DA:145,0
DA:147,0
DA:148,0
DA:149,0
DA:163,0
DA:166,0
DA:167,0
DA:168,0
DA:169,0
DA:170,0
DA:172,0
DA:173,0
DA:174,0
DA:188,0
DA:191,0
DA:192,0
DA:194,0
DA:197,0
DA:200,0
DA:201,0
DA:203,0
DA:204,0
DA:206,0
DA:207,0
DA:208,0
DA:211,0
DA:212,0
DA:214,0
DA:215,0
DA:217,0
DA:218,0
DA:231,0
DA:234,0
DA:235,0
DA:236,0
DA:237,0
DA:238,0
DA:239,0
DA:252,0
DA:255,0
DA:256,0
DA:257,0
DA:258,0
DA:259,0
DA:260,0
DA:273,0
DA:277,0
DA:278,0
DA:279,0
DA:281,0
DA:282,0
DA:283,0
DA:285,0
DA:287,0
DA:288,0
DA:289,0
DA:290,0
DA:291,0
DA:292,0
DA:293,0
DA:305,0
DA:309,0
DA:310,0
DA:311,0
DA:313,0
DA:314,0
DA:315,0
DA:317,0
DA:319,0
DA:320,0
DA:321,0
DA:322,0
DA:323,0
DA:324,0
DA:333,0
DA:335,0
DA:336,0
DA:338,0
DA:339,0
DA:340,0
DA:353,0
DA:357,0
DA:358,0
DA:360,0
DA:361,0
DA:362,0
DA:363,0
DA:365,0
DA:378,0
DA:382,0
DA:383,0
DA:385,0
DA:386,0
DA:387,0
DA:388,0
DA:390,0
DA:403,0
DA:405,0
DA:407,0
DA:408,0
DA:410,0
DA:411,0
DA:412,0
DA:422,0
DA:426,0
DA:427,0
DA:428,0
DA:429,0
DA:430,0
DA:432,0
DA:433,0
DA:446,0
DA:448,0
DA:449,0
DA:450,0
DA:462,0
DA:464,0
DA:465,0
DA:466,0
DA:478,0
DA:480,0
DA:481,0
DA:482,0
DA:494,0
DA:497,0
DA:499,0
DA:500,0
DA:502,0
DA:503,0
DA:513,0
DA:515,0
DA:516,0
DA:517,0
DA:526,0
DA:528,0
DA:529,0
DA:530,0
DA:542,0
DA:546,0
DA:547,0
DA:548,0
DA:550,0
DA:551,0
DA:552,0
DA:554,0
DA:556,0
DA:557,0
DA:558,0
DA:559,0
DA:560,0
DA:561,0
DA:574,0
DA:578,0
DA:579,0
DA:580,0
DA:582,0
DA:583,0
DA:585,0
DA:587,0
DA:588,0
DA:589,0
DA:590,0
DA:591,0
DA:592,0
DA:604,0
DA:606,0
DA:607,0
DA:608,0
DA:618,0
DA:623,0
DA:624,0
DA:625,0
DA:626,0
DA:627,0
DA:628,0
DA:629,0
DA:632,0
DA:633,0
DA:643,0
DA:647,0
DA:648,0
DA:649,0
DA:650,0
DA:658,0
DA:659,0
DA:660,0
DA:661,0
DA:662,0
DA:663,0
DA:676,0
DA:679,0
DA:680,0
DA:681,0
DA:682,0
DA:683,0
DA:697,0
DA:700,0
DA:701,0
DA:702,0
DA:703,0
DA:704,0
DA:717,0
DA:719,0
DA:720,0
DA:721,0
DA:732,0
DA:736,0
DA:737,0
DA:744,0
DA:745,0
DA:746,0
DA:747,0
DA:748,0
DA:761,0
DA:766,0
DA:767,0
DA:768,0
DA:769,0
DA:770,0
DA:771,0
DA:774,0
end_of_record
